#
# There is insufficient memory for the Java Runtime Environment to continue.
# Native memory allocation (mmap) failed to map 66584576 bytes for committing reserved memory.
# Possible reasons:
#   The system is out of physical RAM or swap space
#   In 32 bit mode, the process size limit was hit
# Possible solutions:
#   Reduce memory load on the system
#   Increase physical memory or swap space
#   Check if swap backing store is full
#   Use 64 bit Java on a 64 bit OS
#   Decrease Java heap size (-Xmx/-Xms)
#   Decrease number of Java threads
#   Decrease Java thread stack sizes (-Xss)
#   Set larger code cache with -XX:ReservedCodeCacheSize=
# This output file may be truncated or incomplete.
#
#  Out of Memory Error (os_linux.cpp:2627), pid=5672, tid=0x00007ff75c605700
#
# JRE version: OpenJDK Runtime Environment (8.0_112-b06) (build 1.8.0_112-release-b06)
# Java VM: OpenJDK 64-Bit Server VM (25.112-b06 mixed mode linux-amd64 compressed oops)
# Failed to write core dump. Core dumps have been disabled. To enable core dumping, try "ulimit -c unlimited" before starting Java again
#

---------------  T H R E A D  ---------------

Current thread (0x00007ff758073800):  VMThread [stack: 0x00007ff75c505000,0x00007ff75c606000] [id=5679]

Stack: [0x00007ff75c505000,0x00007ff75c606000],  sp=0x00007ff75c6044c0,  free space=1021k
Native frames: (J=compiled Java code, j=interpreted, Vv=VM code, C=native code)
V  [libjvm.so+0x9e465d]  VMError::report_and_die()+0x15d
V  [libjvm.so+0x4b6ada]  report_vm_out_of_memory(char const*, int, unsigned long, VMErrorType, char const*)+0x8a
V  [libjvm.so+0x84c860]  os::pd_commit_memory(char*, unsigned long, unsigned long, bool)+0xf0
V  [libjvm.so+0x84737f]  os::commit_memory(char*, unsigned long, unsigned long, bool)+0x1f
V  [libjvm.so+0x8bd3db]  PSVirtualSpace::expand_by(unsigned long)+0x5b
V  [libjvm.so+0x8be050]  PSYoungGen::resize_generation(unsigned long, unsigned long)+0xb0
V  [libjvm.so+0x8be36b]  PSYoungGen::resize(unsigned long, unsigned long)+0x1b
V  [libjvm.so+0x8baa5c]  PSScavenge::invoke_no_policy()+0xdac
V  [libjvm.so+0x8bb238]  PSScavenge::invoke()+0x38
V  [libjvm.so+0x86fcf3]  ParallelScavengeHeap::failed_mem_allocate(unsigned long)+0x63
V  [libjvm.so+0x9e6124]  VM_ParallelGCFailedAllocation::doit()+0x84
V  [libjvm.so+0x9ea537]  VM_Operation::evaluate()+0x47
V  [libjvm.so+0x9e8ff8]  VMThread::evaluate_operation(VM_Operation*)+0x2c8
V  [libjvm.so+0x9e9479]  VMThread::loop()+0x219
V  [libjvm.so+0x9e98c2]  VMThread::run()+0x72
V  [libjvm.so+0x849c82]  java_start(Thread*)+0xf2

VM_Operation (0x00007ff7430a92b0): ParallelGCFailedAllocation, mode: safepoint, requested by thread 0x00007ff7140e4800


---------------  P R O C E S S  ---------------

Java Threads: ( => current thread )
  0x00007ff71c030000 JavaThread "Stdin handler" [_thread_blocked, id=7935, stack(0x00007ff742c85000,0x00007ff742d86000)]
  0x00007ff71c00a800 JavaThread "Asynchronous log dispatcher for DefaultDaemonConnection: socket connection from /127.0.0.1:35829 to /127.0.0.1:49200" [_thread_blocked, id=7933, stack(0x00007ff742d86000,0x00007ff742e87000)]
  0x00007ff7140e4800 JavaThread "Daemon worker Thread 11" [_thread_blocked, id=7931, stack(0x00007ff742fae000,0x00007ff7430af000)]
  0x00007ff714004000 JavaThread "Cancel handler" [_thread_blocked, id=7930, stack(0x00007ff7430af000,0x00007ff7431b0000)]
  0x00007ff71423f800 JavaThread "Handler for socket connection from /127.0.0.1:35829 to /127.0.0.1:49200" [_thread_in_native, id=7929, stack(0x00007ff7434b1000,0x00007ff7435b2000)]
  0x00007ff710017000 JavaThread "Daemon Thread 11" [_thread_blocked, id=7928, stack(0x00007ff7433b0000,0x00007ff7434b1000)]
  0x00007ff71402b800 JavaThread "pool-24-thread-4" [_thread_blocked, id=7660, stack(0x00007ff707eff000,0x00007ff708000000)]
  0x00007ff7140ef800 JavaThread "pool-24-thread-3" [_thread_blocked, id=7654, stack(0x00007ff73c0f5000,0x00007ff73c1f6000)]
  0x00007ff7140ca800 JavaThread "pool-24-thread-2" [_thread_blocked, id=6820, stack(0x00007ff7078f9000,0x00007ff7079fa000)]
  0x00007ff71c2c6800 JavaThread "pool-24-thread-1" [_thread_blocked, id=6813, stack(0x00007ff73c5fa000,0x00007ff73c6fb000)]
  0x0000000002954800 JavaThread "File lock request listener" [_thread_in_native, id=5697, stack(0x00007ff74290b000,0x00007ff742a0c000)]
  0x00007ff758c85800 JavaThread "pool-1-thread-1" [_thread_blocked, id=5692, stack(0x00007ff742e87000,0x00007ff742f88000)]
  0x00007ff758c26800 JavaThread "Incoming local TCP Connector on port 35829" [_thread_in_native, id=5687, stack(0x00007ff7437b9000,0x00007ff7438ba000)]
  0x00007ff7580b9800 JavaThread "Service Thread" daemon [_thread_blocked, id=5685, stack(0x00007ff748cfd000,0x00007ff748dfe000)]
  0x00007ff7580b7000 JavaThread "C1 CompilerThread1" daemon [_thread_blocked, id=5684, stack(0x00007ff748dfe000,0x00007ff748eff000)]
  0x00007ff7580b4000 JavaThread "C2 CompilerThread0" daemon [_thread_blocked, id=5683, stack(0x00007ff748eff000,0x00007ff749000000)]
  0x00007ff7580b2800 JavaThread "Signal Dispatcher" daemon [_thread_blocked, id=5682, stack(0x00007ff75c03d000,0x00007ff75c13e000)]
  0x00007ff75807f800 JavaThread "Finalizer" daemon [_thread_blocked, id=5681, stack(0x00007ff75c303000,0x00007ff75c404000)]
  0x00007ff75807b000 JavaThread "Reference Handler" daemon [_thread_blocked, id=5680, stack(0x00007ff75c404000,0x00007ff75c505000)]
  0x00007ff75800a000 JavaThread "main" [_thread_blocked, id=5674, stack(0x00007ff76151d000,0x00007ff76161e000)]

Other Threads:
=>0x00007ff758073800 VMThread [stack: 0x00007ff75c505000,0x00007ff75c606000] [id=5679]
  0x00007ff7580bc000 WatcherThread [stack: 0x00007ff748bfc000,0x00007ff748cfd000] [id=5686]

VM state:at safepoint (normal execution)

VM Mutex/Monitor currently owned by a thread:  ([mutex/lock_event])
[0x00007ff7580062b0] Threads_lock - owner thread: 0x00007ff758073800
[0x00007ff7580067b0] Heap_lock - owner thread: 0x00007ff7140e4800

Heap:
 PSYoungGen      total 402944K, used 12927K [0x00000000e0000000, 0x00000000fa680000, 0x0000000100000000)
  eden space 373248K, 0% used [0x00000000e0000000,0x00000000e0000000,0x00000000f6c80000)
  from space 29696K, 43% used [0x00000000f6c80000,0x00000000f791fda0,0x00000000f8980000)
  to   space 24576K, 0% used [0x00000000f8e80000,0x00000000f8e80000,0x00000000fa680000)
 ParOldGen       total 105472K, used 57666K [0x00000000a0000000, 0x00000000a6700000, 0x00000000e0000000)
  object space 105472K, 54% used [0x00000000a0000000,0x00000000a3850950,0x00000000a6700000)
 Metaspace       used 77958K, capacity 84022K, committed 84224K, reserved 1122304K
  class space    used 9904K, capacity 10746K, committed 10752K, reserved 1048576K

Card table byte_map: [0x00007ff75e0e6000,0x00007ff75e3e7000] byte_map_base: 0x00007ff75dbe6000

Marking Bits: (ParMarkBitMap*) 0x00007ff760a12340
 Begin Bits: [0x00007ff73e000000, 0x00007ff73f800000)
 End Bits:   [0x00007ff73f800000, 0x00007ff741000000)

Polling page: 0x00007ff761641000

CodeCache: size=245760Kb used=44712Kb max_used=44762Kb free=201047Kb
 bounds [0x00007ff749000000, 0x00007ff74bc10000, 0x00007ff758000000]
 total_blobs=16653 nmethods=15854 adapters=711
 compilation: enabled

Compilation events (10 events):
Event: 5890,235 Thread 0x00007ff7580b7000 19856       2       com.google.common.collect.ImmutableCollection$Builder::addAll (34 bytes)
Event: 5890,235 Thread 0x00007ff7580b7000 nmethod 19856 0x00007ff74a875450 code [0x00007ff74a8755e0, 0x00007ff74a875838]
Event: 5890,279 Thread 0x00007ff7580b7000 19857       2       org.gradle.api.internal.file.AbstractFileResolver::resolveFiles (39 bytes)
Event: 5890,279 Thread 0x00007ff7580b7000 nmethod 19857 0x00007ff749efc150 code [0x00007ff749efc2e0, 0x00007ff749efc5d8]
Event: 5890,301 Thread 0x00007ff7580b4000 nmethod 19828 0x00007ff74bbfcad0 code [0x00007ff74bbfd0c0, 0x00007ff74bc00d20]
Event: 5890,303 Thread 0x00007ff7580b4000 19838       4       org.gradle.api.internal.artifacts.DefaultModuleVersionIdentifier::hashCode (16 bytes)
Event: 5890,311 Thread 0x00007ff7580b4000 nmethod 19838 0x00007ff74b3d3d50 code [0x00007ff74b3d3ec0, 0x00007ff74b3d42f8]
Event: 5890,313 Thread 0x00007ff7580b4000 19844       4       org.gradle.internal.serialize.kryo.KryoBackedEncoder::writeSmallLong (11 bytes)
Event: 5890,314 Thread 0x00007ff7580b4000 nmethod 19844 0x00007ff749cf5350 code [0x00007ff749cf54a0, 0x00007ff749cf5548]
Event: 5890,315 Thread 0x00007ff7580b4000 19842       4       org.gradle.api.internal.artifacts.configurations.DefaultConfiguration_Decorated::getHierarchy (38 bytes)

GC Heap History (10 events):
Event: 4927,663 GC heap after
Heap after GC invocations=29 (full 3):
 PSYoungGen      total 286720K, used 17055K [0x00000000e0000000, 0x00000000f3880000, 0x0000000100000000)
  eden space 262656K, 0% used [0x00000000e0000000,0x00000000e0000000,0x00000000f0080000)
  from space 24064K, 70% used [0x00000000f2100000,0x00000000f31a7df8,0x00000000f3880000)
  to   space 28672K, 0% used [0x00000000f0080000,0x00000000f0080000,0x00000000f1c80000)
 ParOldGen       total 105472K, used 48815K [0x00000000a0000000, 0x00000000a6700000, 0x00000000e0000000)
  object space 105472K, 46% used [0x00000000a0000000,0x00000000a2fabf58,0x00000000a6700000)
 Metaspace       used 76249K, capacity 80772K, committed 80896K, reserved 1120256K
  class space    used 9696K, capacity 10393K, committed 10496K, reserved 1048576K
}
Event: 4929,460 GC heap before
{Heap before GC invocations=30 (full 3):
 PSYoungGen      total 286720K, used 279617K [0x00000000e0000000, 0x00000000f3880000, 0x0000000100000000)
  eden space 262656K, 99% used [0x00000000e0000000,0x00000000f0068878,0x00000000f0080000)
  from space 24064K, 70% used [0x00000000f2100000,0x00000000f31a7df8,0x00000000f3880000)
  to   space 28672K, 0% used [0x00000000f0080000,0x00000000f0080000,0x00000000f1c80000)
 ParOldGen       total 105472K, used 48815K [0x00000000a0000000, 0x00000000a6700000, 0x00000000e0000000)
  object space 105472K, 46% used [0x00000000a0000000,0x00000000a2fabf58,0x00000000a6700000)
 Metaspace       used 76382K, capacity 81056K, committed 81408K, reserved 1120256K
  class space    used 9701K, capacity 10399K, committed 10496K, reserved 1048576K
Event: 4929,521 GC heap after
Heap after GC invocations=30 (full 3):
 PSYoungGen      total 291328K, used 24159K [0x00000000e0000000, 0x00000000f6a00000, 0x0000000100000000)
  eden space 262656K, 0% used [0x00000000e0000000,0x00000000e0000000,0x00000000f0080000)
  from space 28672K, 84% used [0x00000000f0080000,0x00000000f1817f10,0x00000000f1c80000)
  to   space 30720K, 0% used [0x00000000f4c00000,0x00000000f4c00000,0x00000000f6a00000)
 ParOldGen       total 105472K, used 49603K [0x00000000a0000000, 0x00000000a6700000, 0x00000000e0000000)
  object space 105472K, 47% used [0x00000000a0000000,0x00000000a3070f88,0x00000000a6700000)
 Metaspace       used 76382K, capacity 81056K, committed 81408K, reserved 1120256K
  class space    used 9701K, capacity 10399K, committed 10496K, reserved 1048576K
}
Event: 4929,603 GC heap before
{Heap before GC invocations=31 (full 3):
 PSYoungGen      total 291328K, used 285963K [0x00000000e0000000, 0x00000000f6a00000, 0x0000000100000000)
  eden space 262656K, 99% used [0x00000000e0000000,0x00000000effaad30,0x00000000f0080000)
  from space 28672K, 84% used [0x00000000f0080000,0x00000000f1817f10,0x00000000f1c80000)
  to   space 30720K, 0% used [0x00000000f4c00000,0x00000000f4c00000,0x00000000f6a00000)
 ParOldGen       total 105472K, used 49603K [0x00000000a0000000, 0x00000000a6700000, 0x00000000e0000000)
  object space 105472K, 47% used [0x00000000a0000000,0x00000000a3070f88,0x00000000a6700000)
 Metaspace       used 76382K, capacity 81056K, committed 81408K, reserved 1120256K
  class space    used 9701K, capacity 10399K, committed 10496K, reserved 1048576K
Event: 4929,637 GC heap after
Heap after GC invocations=31 (full 3):
 PSYoungGen      total 341504K, used 14564K [0x00000000e0000000, 0x00000000f7580000, 0x0000000100000000)
  eden space 310784K, 0% used [0x00000000e0000000,0x00000000e0000000,0x00000000f2f80000)
  from space 30720K, 47% used [0x00000000f4c00000,0x00000000f5a39360,0x00000000f6a00000)
  to   space 29184K, 0% used [0x00000000f2f80000,0x00000000f2f80000,0x00000000f4c00000)
 ParOldGen       total 105472K, used 54221K [0x00000000a0000000, 0x00000000a6700000, 0x00000000e0000000)
  object space 105472K, 51% used [0x00000000a0000000,0x00000000a34f34e8,0x00000000a6700000)
 Metaspace       used 76382K, capacity 81056K, committed 81408K, reserved 1120256K
  class space    used 9701K, capacity 10399K, committed 10496K, reserved 1048576K
}
Event: 5380,167 GC heap before
{Heap before GC invocations=32 (full 3):
 PSYoungGen      total 341504K, used 324939K [0x00000000e0000000, 0x00000000f7580000, 0x0000000100000000)
  eden space 310784K, 99% used [0x00000000e0000000,0x00000000f2f19b50,0x00000000f2f80000)
  from space 30720K, 47% used [0x00000000f4c00000,0x00000000f5a39360,0x00000000f6a00000)
  to   space 29184K, 0% used [0x00000000f2f80000,0x00000000f2f80000,0x00000000f4c00000)
 ParOldGen       total 105472K, used 54221K [0x00000000a0000000, 0x00000000a6700000, 0x00000000e0000000)
  object space 105472K, 51% used [0x00000000a0000000,0x00000000a34f34e8,0x00000000a6700000)
 Metaspace       used 76742K, capacity 81610K, committed 81920K, reserved 1120256K
  class space    used 9721K, capacity 10430K, committed 10496K, reserved 1048576K
Event: 5380,205 GC heap after
Heap after GC invocations=32 (full 3):
 PSYoungGen      total 339968K, used 7737K [0x00000000e0000000, 0x00000000fab00000, 0x0000000100000000)
  eden space 310784K, 0% used [0x00000000e0000000,0x00000000e0000000,0x00000000f2f80000)
  from space 29184K, 26% used [0x00000000f2f80000,0x00000000f370e7c0,0x00000000f4c00000)
  to   space 29184K, 0% used [0x00000000f8e80000,0x00000000f8e80000,0x00000000fab00000)
 ParOldGen       total 105472K, used 57170K [0x00000000a0000000, 0x00000000a6700000, 0x00000000e0000000)
  object space 105472K, 54% used [0x00000000a0000000,0x00000000a37d4930,0x00000000a6700000)
 Metaspace       used 76742K, capacity 81610K, committed 81920K, reserved 1120256K
  class space    used 9721K, capacity 10430K, committed 10496K, reserved 1048576K
}
Event: 5562,620 GC heap before
{Heap before GC invocations=33 (full 3):
 PSYoungGen      total 339968K, used 318296K [0x00000000e0000000, 0x00000000fab00000, 0x0000000100000000)
  eden space 310784K, 99% used [0x00000000e0000000,0x00000000f2f47a60,0x00000000f2f80000)
  from space 29184K, 26% used [0x00000000f2f80000,0x00000000f370e7c0,0x00000000f4c00000)
  to   space 29184K, 0% used [0x00000000f8e80000,0x00000000f8e80000,0x00000000fab00000)
 ParOldGen       total 105472K, used 57170K [0x00000000a0000000, 0x00000000a6700000, 0x00000000e0000000)
  object space 105472K, 54% used [0x00000000a0000000,0x00000000a37d4930,0x00000000a6700000)
 Metaspace       used 76986K, capacity 81898K, committed 82176K, reserved 1120256K
  class space    used 9735K, capacity 10448K, committed 10496K, reserved 1048576K
Event: 5562,670 GC heap after
Heap after GC invocations=33 (full 3):
 PSYoungGen      total 397824K, used 19829K [0x00000000e0000000, 0x00000000fa680000, 0x0000000100000000)
  eden space 373248K, 0% used [0x00000000e0000000,0x00000000e0000000,0x00000000f6c80000)
  from space 24576K, 80% used [0x00000000f8e80000,0x00000000fa1dd648,0x00000000fa680000)
  to   space 29696K, 0% used [0x00000000f6c80000,0x00000000f6c80000,0x00000000f8980000)
 ParOldGen       total 105472K, used 57366K [0x00000000a0000000, 0x00000000a6700000, 0x00000000e0000000)
  object space 105472K, 54% used [0x00000000a0000000,0x00000000a3805940,0x00000000a6700000)
 Metaspace       used 76986K, capacity 81898K, committed 82176K, reserved 1120256K
  class space    used 9735K, capacity 10448K, committed 10496K, reserved 1048576K
}
Event: 5890,406 GC heap before
{Heap before GC invocations=34 (full 3):
 PSYoungGen      total 397824K, used 393077K [0x00000000e0000000, 0x00000000fa680000, 0x0000000100000000)
  eden space 373248K, 100% used [0x00000000e0000000,0x00000000f6c80000,0x00000000f6c80000)
  from space 24576K, 80% used [0x00000000f8e80000,0x00000000fa1dd648,0x00000000fa680000)
  to   space 29696K, 0% used [0x00000000f6c80000,0x00000000f6c80000,0x00000000f8980000)
 ParOldGen       total 105472K, used 57366K [0x00000000a0000000, 0x00000000a6700000, 0x00000000e0000000)
  object space 105472K, 54% used [0x00000000a0000000,0x00000000a3805940,0x00000000a6700000)
 Metaspace       used 77958K, capacity 84022K, committed 84224K, reserved 1122304K
  class space    used 9904K, capacity 10746K, committed 10752K, reserved 1048576K

Deoptimization events (10 events):
Event: 5378,175 Thread 0x00007ff71c033800 Uncommon trap: reason=class_check action=maybe_recompile pc=0x00007ff74b8a1874 method=org.gradle.api.internal.project.taskfactory.DefaultTaskClassValidatorExtractor$DefaultTaskPropertyActionContext.getAnnotation(Ljava/lang/Class;)Ljava/lang/annotation/Ann
Event: 5378,995 Thread 0x00007ff71c2c6800 Uncommon trap: reason=unstable_if action=reinterpret pc=0x00007ff74b0d91dc method=java.lang.ref.SoftReference.get()Ljava/lang/Object; @ 6
Event: 5379,228 Thread 0x00007ff714243000 Uncommon trap: reason=unloaded action=reinterpret pc=0x00007ff74a711b68 method=java.util.concurrent.locks.AbstractQueuedSynchronizer.doAcquireInterruptibly(I)V @ 72
Event: 5560,371 Thread 0x00007ff71c00a800 Uncommon trap: reason=class_check action=maybe_recompile pc=0x00007ff74b87ab2c method=org.gradle.api.internal.DefaultNamedDomainObjectCollection.findByNameWithoutRules(Ljava/lang/String;)Ljava/lang/Object; @ 5
Event: 5560,371 Thread 0x00007ff71c00a800 Uncommon trap: reason=null_check action=make_not_entrant pc=0x00007ff74b89435c method=org.gradle.api.internal.collections.CollectionFilter.filter(Ljava/lang/Object;)Ljava/lang/Object; @ 5
Event: 5560,529 Thread 0x00007ff71c00a800 Uncommon trap: reason=class_check action=maybe_recompile pc=0x00007ff74a24b304 method=java.util.AbstractMap.isEmpty()Z @ 1
Event: 5560,625 Thread 0x00007ff71c00a800 Uncommon trap: reason=class_check action=maybe_recompile pc=0x00007ff74a24b304 method=java.util.AbstractMap.isEmpty()Z @ 1
Event: 5561,392 Thread 0x00007ff714249000 Uncommon trap: reason=unstable_if action=reinterpret pc=0x00007ff7493dd490 method=java.util.concurrent.ConcurrentHashMap.addCount(JI)V @ 34
Event: 5688,231 Thread 0x00007ff714004000 Uncommon trap: reason=class_check action=maybe_recompile pc=0x00007ff74b87ab2c method=org.gradle.api.internal.DefaultNamedDomainObjectCollection.findByNameWithoutRules(Ljava/lang/String;)Ljava/lang/Object; @ 5
Event: 5889,835 Thread 0x00007ff7140e4800 Uncommon trap: reason=class_check action=maybe_recompile pc=0x00007ff74b87ab2c method=org.gradle.api.internal.DefaultNamedDomainObjectCollection.findByNameWithoutRules(Ljava/lang/String;)Ljava/lang/Object; @ 5

Internal exceptions (10 events):
Event: 5889,887 Thread 0x00007ff7140e4800 Exception <a 'sun/nio/fs/UnixException'> (0x00000000f5e8f2b0) thrown at [/ssd/Android/AOSP-openjdk/external/jetbrains/jdk/hotspot/src/share/vm/prims/jni.cpp, line 709]
Event: 5889,887 Thread 0x00007ff7140e4800 Exception <a 'sun/nio/fs/UnixException'> (0x00000000f5e905b0) thrown at [/ssd/Android/AOSP-openjdk/external/jetbrains/jdk/hotspot/src/share/vm/prims/jni.cpp, line 709]
Event: 5889,892 Thread 0x00007ff7140e4800 Exception <a 'sun/nio/fs/UnixException'> (0x00000000f5e94140) thrown at [/ssd/Android/AOSP-openjdk/external/jetbrains/jdk/hotspot/src/share/vm/prims/jni.cpp, line 709]
Event: 5889,892 Thread 0x00007ff7140e4800 Exception <a 'sun/nio/fs/UnixException'> (0x00000000f5e95460) thrown at [/ssd/Android/AOSP-openjdk/external/jetbrains/jdk/hotspot/src/share/vm/prims/jni.cpp, line 709]
Event: 5889,893 Thread 0x00007ff7140e4800 Exception <a 'sun/nio/fs/UnixException'> (0x00000000f5e96fb8) thrown at [/ssd/Android/AOSP-openjdk/external/jetbrains/jdk/hotspot/src/share/vm/prims/jni.cpp, line 709]
Event: 5889,893 Thread 0x00007ff7140e4800 Exception <a 'sun/nio/fs/UnixException'> (0x00000000f5e98338) thrown at [/ssd/Android/AOSP-openjdk/external/jetbrains/jdk/hotspot/src/share/vm/prims/jni.cpp, line 709]
Event: 5889,893 Thread 0x00007ff7140e4800 Exception <a 'sun/nio/fs/UnixException'> (0x00000000f5e99fb0) thrown at [/ssd/Android/AOSP-openjdk/external/jetbrains/jdk/hotspot/src/share/vm/prims/jni.cpp, line 709]
Event: 5889,894 Thread 0x00007ff7140e4800 Exception <a 'sun/nio/fs/UnixException'> (0x00000000f5e9b3b0) thrown at [/ssd/Android/AOSP-openjdk/external/jetbrains/jdk/hotspot/src/share/vm/prims/jni.cpp, line 709]
Event: 5889,896 Thread 0x00007ff7140e4800 Exception <a 'sun/nio/fs/UnixException'> (0x00000000f5e9d590) thrown at [/ssd/Android/AOSP-openjdk/external/jetbrains/jdk/hotspot/src/share/vm/prims/jni.cpp, line 709]
Event: 5889,896 Thread 0x00007ff7140e4800 Exception <a 'sun/nio/fs/UnixException'> (0x00000000f5e9e870) thrown at [/ssd/Android/AOSP-openjdk/external/jetbrains/jdk/hotspot/src/share/vm/prims/jni.cpp, line 709]

Events (10 events):
Event: 5890,189 Thread 0x00007ff7580b7000 flushing nmethod 0x00007ff7491ee090
Event: 5890,189 Executing VM operation: RevokeBias
Event: 5890,190 Executing VM operation: RevokeBias done
Event: 5890,194 Executing VM operation: BulkRevokeBias
Event: 5890,194 Executing VM operation: BulkRevokeBias done
Event: 5890,234 Thread 0x00007ff7580b7000 flushing nmethod 0x00007ff7494393d0
Event: 5890,235 Thread 0x00007ff7580b7000 flushing nmethod 0x00007ff74946fed0
Event: 5890,302 Thread 0x00007ff7580b4000 flushing nmethod 0x00007ff749afaed0
Event: 5890,314 Thread 0x00007ff7580b4000 flushing nmethod 0x00007ff749fb3450
Event: 5890,404 Executing VM operation: ParallelGCFailedAllocation


Dynamic libraries:
00400000-00401000 r-xp 00000000 08:11 829537                             /home/dev/android-studio/jre/bin/java
00600000-00601000 r--p 00000000 08:11 829537                             /home/dev/android-studio/jre/bin/java
00601000-00602000 rw-p 00001000 08:11 829537                             /home/dev/android-studio/jre/bin/java
025b5000-03873000 rw-p 00000000 00:00 0                                  [heap]
a0000000-a6700000 rw-p 00000000 00:00 0 
a6700000-e0000000 ---p 00000000 00:00 0 
e0000000-fa680000 rw-p 00000000 00:00 0 
fe600000-100000000 ---p 00000000 00:00 0 
100000000-100a80000 rw-p 00000000 00:00 0 
100a80000-140000000 ---p 00000000 00:00 0 
7ff7066f9000-7ff7068b9000 rw-p 00000000 00:00 0 
7ff7068b9000-7ff7068f9000 ---p 00000000 00:00 0 
7ff7068f9000-7ff706af9000 rw-p 00000000 00:00 0 
7ff706af9000-7ff706cf9000 rw-p 00000000 00:00 0 
7ff706cf9000-7ff706ef9000 rw-p 00000000 00:00 0 
7ff706ef9000-7ff7070f9000 rw-p 00000000 00:00 0 
7ff7070f9000-7ff7072f9000 rw-p 00000000 00:00 0 
7ff7072f9000-7ff7074f9000 rw-p 00000000 00:00 0 
7ff7074f9000-7ff7076f9000 rw-p 00000000 00:00 0 
7ff7076f9000-7ff7078f9000 rw-p 00000000 00:00 0 
7ff7078f9000-7ff7078fc000 ---p 00000000 00:00 0 
7ff7078fc000-7ff7079fa000 rw-p 00000000 00:00 0                          [stack:6820]
7ff7079fa000-7ff7079fd000 ---p 00000000 00:00 0 
7ff7079fd000-7ff707afb000 rw-p 00000000 00:00 0 
7ff707afb000-7ff707afe000 ---p 00000000 00:00 0 
7ff707afe000-7ff707bfc000 rw-p 00000000 00:00 0 
7ff707bfc000-7ff707bff000 ---p 00000000 00:00 0 
7ff707bff000-7ff707cfd000 rw-p 00000000 00:00 0 
7ff707cfd000-7ff707d00000 ---p 00000000 00:00 0 
7ff707d00000-7ff707dfe000 rw-p 00000000 00:00 0 
7ff707dfe000-7ff707e01000 ---p 00000000 00:00 0 
7ff707e01000-7ff707eff000 rw-p 00000000 00:00 0 
7ff707eff000-7ff707f02000 ---p 00000000 00:00 0 
7ff707f02000-7ff708000000 rw-p 00000000 00:00 0                          [stack:7660]
7ff708000000-7ff708100000 rw-p 00000000 00:00 0 
7ff708100000-7ff70c000000 ---p 00000000 00:00 0 
7ff70c000000-7ff70c021000 rw-p 00000000 00:00 0 
7ff70c021000-7ff710000000 ---p 00000000 00:00 0 
7ff710000000-7ff710069000 rw-p 00000000 00:00 0 
7ff710069000-7ff714000000 ---p 00000000 00:00 0 
7ff714000000-7ff714e6f000 rw-p 00000000 00:00 0 
7ff714e6f000-7ff718000000 ---p 00000000 00:00 0 
7ff718000000-7ff718021000 rw-p 00000000 00:00 0 
7ff718021000-7ff71c000000 ---p 00000000 00:00 0 
7ff71c000000-7ff71c98e000 rw-p 00000000 00:00 0 
7ff71c98e000-7ff720000000 ---p 00000000 00:00 0 
7ff720000000-7ff722340000 rw-p 00000000 00:00 0 
7ff722340000-7ff724000000 ---p 00000000 00:00 0 
7ff724000000-7ff725388000 rw-p 00000000 00:00 0 
7ff725388000-7ff728000000 ---p 00000000 00:00 0 
7ff728000000-7ff728021000 rw-p 00000000 00:00 0 
7ff728021000-7ff72c000000 ---p 00000000 00:00 0 
7ff72c000000-7ff72c021000 rw-p 00000000 00:00 0 
7ff72c021000-7ff730000000 ---p 00000000 00:00 0 
7ff730000000-7ff730280000 rw-p 00000000 00:00 0 
7ff730280000-7ff734000000 ---p 00000000 00:00 0 
7ff734000000-7ff734021000 rw-p 00000000 00:00 0 
7ff734021000-7ff738000000 ---p 00000000 00:00 0 
7ff738000000-7ff738078000 rw-p 00000000 00:00 0 
7ff738078000-7ff73c000000 ---p 00000000 00:00 0 
7ff73c0bc000-7ff73c0bf000 ---p 00000000 00:00 0 
7ff73c0bf000-7ff73c0f5000 rw-p 00000000 00:00 0 
7ff73c0f5000-7ff73c0f8000 ---p 00000000 00:00 0 
7ff73c0f8000-7ff73c1f6000 rw-p 00000000 00:00 0                          [stack:7654]
7ff73c1f6000-7ff73c1f9000 ---p 00000000 00:00 0 
7ff73c1f9000-7ff73c2f7000 rw-p 00000000 00:00 0 
7ff73c2f7000-7ff73c2fa000 ---p 00000000 00:00 0 
7ff73c2fa000-7ff73c3f8000 rw-p 00000000 00:00 0 
7ff73c3f8000-7ff73c3fb000 ---p 00000000 00:00 0 
7ff73c3fb000-7ff73c4f9000 rw-p 00000000 00:00 0 
7ff73c4f9000-7ff73c4fc000 ---p 00000000 00:00 0 
7ff73c4fc000-7ff73c5fa000 rw-p 00000000 00:00 0 
7ff73c5fa000-7ff73c5fd000 ---p 00000000 00:00 0 
7ff73c5fd000-7ff73c6fb000 rw-p 00000000 00:00 0                          [stack:6813]
7ff73c6fb000-7ff73c6fe000 ---p 00000000 00:00 0 
7ff73c6fe000-7ff73c7fc000 rw-p 00000000 00:00 0 
7ff73c7fc000-7ff73c7ff000 ---p 00000000 00:00 0 
7ff73c7ff000-7ff73c8fd000 rw-p 00000000 00:00 0 
7ff73c8fd000-7ff73c900000 ---p 00000000 00:00 0 
7ff73c900000-7ff73c9fe000 rw-p 00000000 00:00 0 
7ff73c9fe000-7ff73ca01000 ---p 00000000 00:00 0 
7ff73ca01000-7ff73caff000 rw-p 00000000 00:00 0 
7ff73caff000-7ff73cb02000 ---p 00000000 00:00 0 
7ff73cb02000-7ff73ce00000 rw-p 00000000 00:00 0 
7ff73ce00000-7ff73d000000 rw-p 00000000 00:00 0 
7ff73d000000-7ff73d200000 rw-p 00000000 00:00 0 
7ff73d200000-7ff73d400000 rw-p 00000000 00:00 0 
7ff73d400000-7ff73d600000 rw-p 00000000 00:00 0 
7ff73d600000-7ff73d800000 rw-p 00000000 00:00 0 
7ff73d800000-7ff73da00000 rw-p 00000000 00:00 0 
7ff73da00000-7ff73dc00000 rw-p 00000000 00:00 0 
7ff73dc00000-7ff73de00000 rw-p 00000000 00:00 0 
7ff73de00000-7ff73e000000 rw-p 00000000 00:00 0 
7ff73e000000-7ff741000000 rw-p 00000000 00:00 0 
7ff741025000-7ff741026000 rw-p 00000000 00:00 0 
7ff741026000-7ff741029000 r--s 00015000 08:11 829660                     /home/dev/android-studio/jre/jre/lib/jce.jar
7ff741029000-7ff74102c000 ---p 00000000 00:00 0 
7ff74102c000-7ff741062000 rw-p 00000000 00:00 0 
7ff741062000-7ff741065000 ---p 00000000 00:00 0 
7ff741065000-7ff74109b000 rw-p 00000000 00:00 0 
7ff74109b000-7ff74109e000 ---p 00000000 00:00 0 
7ff74109e000-7ff7410d4000 rw-p 00000000 00:00 0 
7ff7410d4000-7ff7410d7000 ---p 00000000 00:00 0 
7ff7410d7000-7ff7411d5000 rw-p 00000000 00:00 0 
7ff7411d5000-7ff7411e8000 r--s 00344000 08:11 829560                     /home/dev/android-studio/jre/jre/lib/resources.jar
7ff7411e8000-7ff7413e8000 rw-p 00000000 00:00 0 
7ff7413e8000-7ff7415e8000 rw-p 00000000 00:00 0 
7ff7415e8000-7ff7417e8000 rw-p 00000000 00:00 0 
7ff7417e8000-7ff7417e9000 r--s 00001000 08:11 2374255                    /home/dev/.gradle/caches/jars-2/sfqei68bumu9jlxv45fr4cwp05lkqj0/annotations-25.3.2.jar
7ff7417e9000-7ff7417f1000 r--s 000a8000 08:11 2374253                    /home/dev/.gradle/caches/jars-2/lp0h431tl0554nh1vx6zomcvteflkp/lombok-ast-0.2.3.jar
7ff7417f1000-7ff741805000 r--s 000b4000 08:11 2374251                    /home/dev/.gradle/caches/jars-2/hgvw6szzawm3evod5l2d6iutfug31w0/uast-162.2228.14.jar
7ff741805000-7ff741807000 r--s 0000d000 08:11 2374249                    /home/dev/.gradle/caches/jars-2/7pwz1bowgakb1eux9ezb56jlturgsyi/commons-codec-1.4.jar
7ff741807000-7ff741809000 r--s 0000d000 08:11 2374247                    /home/dev/.gradle/caches/jars-2/9dj1m0eyooi5qt13735vz8fpkl3cnfy/commons-logging-1.1.1.jar
7ff741809000-7ff74180e000 r--s 00028000 08:11 2374245                    /home/dev/.gradle/caches/jars-2/62lv0fe9b3xbqe57f6ljy5upwi7mf6k/httpcore-4.1.jar
7ff74180e000-7ff741812000 r--s 0002f000 08:11 2374243                    /home/dev/.gradle/caches/jars-2/gsg5n52frsvw6sx0swqqe2hwijwdcf0/jimfs-1.1.jar
7ff741812000-7ff741813000 r--s 00004000 08:11 2374241                    /home/dev/.gradle/caches/jars-2/lxs252id0979odjrerlctkb26c2vj95/annotations-12.0.jar
7ff741813000-7ff741814000 r--s 00004000 08:11 2374239                    /home/dev/.gradle/caches/jars-2/9kn99dr0rulyl67sct1ephwcop56l61/asm-analysis-5.0.4.jar
7ff741814000-7ff741818000 r--s 00040000 08:11 2374237                    /home/dev/.gradle/caches/jars-2/5yd4q9okhk52w7jvtpit267x9cycjdn/lint-api-25.3.2.jar
7ff741818000-7ff741819000 r--s 0000a000 08:11 2374235                    /home/dev/.gradle/caches/jars-2/nwyg9io65lv6jvmwit2wq82xnnxd7ia/kxml2-2.3.0.jar
7ff741819000-7ff74181b000 r--s 00005000 08:11 2374233                    /home/dev/.gradle/caches/jars-2/i6hc1uuj8e9ck59slmzdyz78ydn8sr6/httpmime-4.1.jar
7ff74181b000-7ff741823000 r--s 0004e000 08:11 2374231                    /home/dev/.gradle/caches/jars-2/7503wa5irssz0xxahv1xb82p2dl7rr2/httpclient-4.1.1.jar
7ff741823000-7ff74182a000 r--s 00053000 08:11 2374229                    /home/dev/.gradle/caches/jars-2/jgkfvs4eqggj7qsyw1f5d3up57hanj1/commons-compress-1.8.1.jar
7ff74182a000-7ff74182f000 r--s 0002a000 08:11 2374227                    /home/dev/.gradle/caches/jars-2/je8f027qcr1z1egw08byp1ybxbp9kko/gson-2.2.4.jar
7ff74182f000-7ff741834000 r--s 0002e000 08:11 2374225                    /home/dev/.gradle/caches/jars-2/4n1734h1pd6bcoy635yi6h93fwe9ucz/repository-25.3.2.jar
7ff741834000-7ff741836000 r--s 00006000 08:11 2374223                    /home/dev/.gradle/caches/jars-2/2rgkyifl5sxddymjp5ayhsk365j5keg/dvlib-25.3.2.jar
7ff741836000-7ff741839000 r--s 00012000 08:11 2374221                    /home/dev/.gradle/caches/jars-2/k2hb11mjv3jrn5smyckw0wql8yhvtn8/layoutlib-api-25.3.2.jar
7ff741839000-7ff74183e000 r--s 00058000 08:11 2374219                    /home/dev/.gradle/caches/jars-2/st159835qgxm0l87oqrnhayxos4lc1n/asm-debug-all-5.0.1.jar
7ff74183e000-7ff74184e000 r--s 000d5000 08:11 2374217                    /home/dev/.gradle/caches/jars-2/qzf32gp9kej4w4hlbabft6tplu74cj3/proguard-base-5.3.2.jar
7ff74184e000-7ff741851000 r--s 00033000 08:11 2374215                    /home/dev/.gradle/caches/jars-2/nz9sndmr8b4xbj4xulkaciy5kdbyfiz/juniversalchardet-1.0.3.jar
7ff741851000-7ff741855000 r--s 0002a000 08:11 2374213                    /home/dev/.gradle/caches/jars-2/krbpn9xjn1qymukyx8cc5l799ty1v3h/commons-io-2.4.jar
7ff741855000-7ff74186c000 r--s 00154000 08:11 2374211                    /home/dev/.gradle/caches/jars-2/sfeivjswzitn6n0fnjx3ueszz8gv8o1/antlr4-4.5.3.jar
7ff74186c000-7ff74186e000 r--s 00002000 08:11 2374209                    /home/dev/.gradle/caches/jars-2/5ro61j1y65rvhr7nubzp6mi4wd8ku9f/baseLibrary-2.3.2.jar
7ff74186e000-7ff741899000 r--s 001fc000 08:11 2374207                    /home/dev/.gradle/caches/jars-2/nxjrjftly2xksl8o0wqgivu5netfu2x/guava-18.0.jar
7ff741899000-7ff7418ac000 r--s 00241000 08:11 2374205                    /home/dev/.gradle/caches/jars-2/9yuekvg4qerfitq3xec0iyckuw3hwaq/ecj-4.6.1.jar
7ff7418ac000-7ff7418b3000 r--s 000d9000 08:11 2374203                    /home/dev/.gradle/caches/jars-2/n1uyh4ln96msrngjecu42hn3t622176/lint-checks-25.3.2.jar
7ff7418b3000-7ff7418b5000 r--s 00006000 08:11 2374201                    /home/dev/.gradle/caches/jars-2/6phgj9ki3jl3p5epzkqoo8pr6kur40b/asm-tree-5.0.4.jar
7ff7418b5000-7ff7418e8000 r--s 00203000 08:11 2374199                    /home/dev/.gradle/caches/jars-2/hj0bfvxu9cq7hkwmecvp0kg137or3hh/bcprov-jdk15on-1.48.jar
7ff7418e8000-7ff7418f6000 r--s 00081000 08:11 2374197                    /home/dev/.gradle/caches/jars-2/4r7xli0tz94y0wfjrdyjxlxar3g1pb9/bcpkix-jdk15on-1.48.jar
7ff7418f6000-7ff7418f8000 r--s 00002000 08:11 2374195                    /home/dev/.gradle/caches/jars-2/f32bh5uivuf69ecz2j8hl96ksnqdh7v/javawriter-2.5.0.jar
7ff7418f8000-7ff7418fa000 r--s 00004000 08:11 2374193                    /home/dev/.gradle/caches/jars-2/7ph44j8ltf4jh1biidkoojbouh17css/tracker-25.3.2.jar
7ff7418fa000-7ff7418fb000 r--s 00005000 08:11 2374191                    /home/dev/.gradle/caches/jars-2/o1gtlkkzr6t4s2v0kax6zp9j6caq2u0/shared-25.3.2.jar
7ff7418fb000-7ff741909000 r--s 00147000 08:11 2374189                    /home/dev/.gradle/caches/jars-2/o53hkchu83xktfa5q36s00v2v42a7y/protos-25.3.2.jar
7ff741909000-7ff74190a000 r--s 00001000 08:11 2374187                    /home/dev/.gradle/caches/jars-2/bqo69msswbvaagsh45hf1tq02v21sml/jill-api-0.10.0.jar
7ff74190a000-7ff74190c000 r--s 00003000 08:11 2374185                    /home/dev/.gradle/caches/jars-2/7pldadygbci34ql8thws797g29k1uhh/jack-api-0.13.0.jar
7ff74190c000-7ff741912000 r--s 0004a000 08:11 2374183                    /home/dev/.gradle/caches/jars-2/hdqp9ynkugoxj627azw08f1nkcu898x/ddmlib-25.3.2.jar
7ff741912000-7ff741915000 r--s 00022000 08:11 2374181                    /home/dev/.gradle/caches/jars-2/89xrxcektlpn7bcp7ipsay08holifnk/manifest-merger-25.3.2.jar
7ff741915000-7ff741918000 r--s 0001c000 08:11 2374179                    /home/dev/.gradle/caches/jars-2/tr3itsd2plho5o88yb3gjrypud2u4h2/common-25.3.2.jar
7ff741918000-7ff741921000 r--s 00089000 08:11 2374177                    /home/dev/.gradle/caches/jars-2/oxa6gsnf6zdgyk0pj409nry3545uq19/sdk-common-25.3.2.jar
7ff741921000-7ff74192b000 r--s 00098000 08:11 2374175                    /home/dev/.gradle/caches/jars-2/icq382ympn7u9fgmdu4gnllvjn9exea/sdklib-25.3.2.jar
7ff74192b000-7ff74192c000 r--s 00002000 08:11 2374173                    /home/dev/.gradle/caches/jars-2/liykey57f2h1pt8dmvk7r6wqrsywj5t/builder-test-api-2.3.2.jar
7ff74192c000-7ff74192f000 r--s 00006000 08:11 2374171                    /home/dev/.gradle/caches/jars-2/j73s6h38rbpo66lhtrpyav6nz8gvkz/builder-model-2.3.2.jar
7ff74192f000-7ff74193e000 r--s 00130000 08:11 2374169                    /home/dev/.gradle/caches/jars-2/cr6zkqpx14lor9zdtmo49qpc7y8r8p4/protobuf-java-3.0.0.jar
7ff74193e000-7ff741940000 r--s 0000f000 08:11 2374167                    /home/dev/.gradle/caches/jars-2/rvfyugrlu5tbpz51p98og0qsxamjq4k/jopt-simple-4.9.jar
7ff741940000-7ff741944000 r--s 0001f000 08:11 2374165                    /home/dev/.gradle/caches/jars-2/nq3fzqkrrm37ob61z4iu5qdbh368uat/org.jacoco.report-0.7.5.201505241946.jar
7ff741944000-7ff741948000 r--s 0001d000 08:11 2374163                    /home/dev/.gradle/caches/jars-2/3kxkmcckmk40ron92zhbm0qjo9l4bkl/org.jacoco.core-0.7.5.201505241946.jar
7ff741948000-7ff74194a000 r--s 00002000 08:11 2374161                    /home/dev/.gradle/caches/jars-2/m4m0pzb4gmaeh0in5g2xc4bxeuwt828/proguard-gradle-5.3.2.jar
7ff74194a000-7ff74194c000 r--s 00009000 08:11 2374159                    /home/dev/.gradle/caches/jars-2/ajvcvdu66lc9e3tvvipxtuq48i9bbkc/asm-commons-5.0.4.jar
7ff74194c000-7ff741951000 r--s 0002c000 08:11 2374155                    /home/dev/.gradle/caches/jars-2/8turwhns6pk45x6h64byi8086xre0gy/compilerCommon-2.3.2.jar
7ff741951000-7ff741956000 r--s 0005e000 08:11 2241317                    /home/dev/.gradle/caches/jars-2/3codmksrb2ftf6vgz8jfz786b2p3e61/lint-25.3.2.jar
7ff741956000-7ff741b56000 rw-p 00000000 00:00 0 
7ff741b56000-7ff741d56000 rw-p 00000000 00:00 0 
7ff741d56000-7ff741f56000 rw-p 00000000 00:00 0 
7ff741f56000-7ff741fc6000 r--s 00643000 08:11 2239196                    /home/dev/.gradle/caches/jars-2/8cxlnul3q31hn64oaeyb96yvefwfs4h/groovy-all-2.4.6.jar
7ff741fc6000-7ff7421c6000 rw-p 00000000 00:00 0 
7ff7421c6000-7ff7423c6000 rw-p 00000000 00:00 0 
7ff7423c6000-7ff7425c6000 rw-p 00000000 00:00 0 
7ff7425c6000-7ff742603000 r--s 00585000 08:11 2239120                    /home/dev/.gradle/caches/jars-2/1n7dnb6hjij4w2j5bxx77j095ri4wmt/sdk-tools.jar
7ff742603000-7ff742604000 r--s 00000000 08:11 2239122                    /home/dev/.gradle/caches/jars-2/dg22azhabc6tsc1i8xni15giz1bnssh/gradle-appengine-builder-model-0.1.0.jar
7ff742604000-7ff742605000 r--s 00002000 08:11 2239118                    /home/dev/.gradle/caches/jars-2/iqqgkgyg3wm9wmd3s8apxd4aza13lil/external-system-rt.jar
7ff742605000-7ff742607000 r--s 0000a000 08:11 2239116                    /home/dev/.gradle/caches/jars-2/krcpb5psyzrj3vnyx2y829wtjlvcega/gradle-tooling-extension-api.jar
7ff742607000-7ff742614000 r--s 0017f000 08:11 2239114                    /home/dev/.gradle/caches/jars-2/orod1zgrmtw50cwwvpd674tmm2f0m4j/velocity.jar
7ff742614000-7ff74264e000 r--s 001e2000 08:11 2239112                    /home/dev/.gradle/caches/jars-2/gsc6q095kyxskeaqm5ejgrya5fy93e4/gradle-core-3.2.jar
7ff74264e000-7ff742657000 r--s 00041000 08:11 2239110                    /home/dev/.gradle/caches/jars-2/h9tlqcb3hm1v4dc2krttqmly48oj6dn/gradle-base-services-3.2.jar
7ff742657000-7ff74267f000 r--s 001cf000 08:11 2239108                    /home/dev/.gradle/caches/jars-2/87eo0lrvp84r6dbxjq018wy66es2era/guava-jdk5-17.0.jar
7ff74267f000-7ff74268c000 r--s 00041000 08:11 2239106                    /home/dev/.gradle/caches/jars-2/dgtjvv7hz6uw97ja0np1f4qgb2lzw3b/gradle-tooling-api-3.2.jar
7ff74268c000-7ff74268e000 r--s 0000c000 08:11 2374157                    /home/dev/.gradle/caches/jars-2/1laz1ygmxoc408r7nwqs1q8uk8r236d/asm-5.0.4.jar
7ff74268e000-7ff74268f000 r--s 00002000 08:11 2242859                    /home/dev/.gradle/caches/jars-2/memt199vk4nal65fuxag9w4gnmeyalh/gradle-api-2.3.2.jar
7ff74268f000-7ff742690000 r--s 00000000 08:11 2241326                    /home/dev/.gradle/caches/jars-2/tlyajppf8woug00g686fx5mchf8iv3o/transform-api-2.0.0-deprecated-use-gradle-api.jar
7ff742690000-7ff7426a6000 r--s 00163000 08:11 2241315                    /home/dev/.gradle/caches/jars-2/tmjxqp4m0j3g12q1pvd41pt4dzyersp/builder-2.3.2.jar
7ff7426a6000-7ff7426c5000 r--s 001ca000 08:11 2239274                    /home/dev/.gradle/caches/jars-2/psoqzdhi7smfthkerjcdtayt1ovoie7/gradle-core-2.3.2.jar
7ff7426c5000-7ff7426c7000 r--s 0000d000 08:11 2239272                    /home/dev/.gradle/caches/jars-2/gpu29uvfhkngb3cj4xqtwx5tpqakqq4/gradle-2.3.2.jar
7ff7426c7000-7ff7426cc000 r--s 00034000 08:11 2239194                    /home/dev/.gradle/caches/jars-2/c74d41v3l7o57dyhdc4xhdfblc3m2cw/gson-2.5.jar
7ff7426cc000-7ff7426d1000 r--s 0007a000 08:11 2239192                    /home/dev/.gradle/caches/jars-2/2xfpvrqn285lkjaj2akqw48l0w4tra4/gradle-tooling-extension-impl.jar
7ff7426d1000-7ff7426d4000 ---p 00000000 00:00 0 
7ff7426d4000-7ff74270a000 rw-p 00000000 00:00 0 
7ff74270a000-7ff74270b000 r--p 00000000 00:00 0 
7ff74270b000-7ff74290b000 rw-p 00000000 00:00 0 
7ff74290b000-7ff74290e000 ---p 00000000 00:00 0 
7ff74290e000-7ff742a0c000 rw-p 00000000 00:00 0                          [stack:5697]
7ff742a0c000-7ff742a85000 r--s 010ed000 08:11 829502                     /home/dev/android-studio/jre/lib/tools.jar
7ff742a85000-7ff742c85000 rw-p 00000000 00:00 0 
7ff742c85000-7ff742c88000 ---p 00000000 00:00 0 
7ff742c88000-7ff742d86000 rw-p 00000000 00:00 0                          [stack:7935]
7ff742d86000-7ff742d89000 ---p 00000000 00:00 0 
7ff742d89000-7ff742e87000 rw-p 00000000 00:00 0                          [stack:7933]
7ff742e87000-7ff742e8a000 ---p 00000000 00:00 0 
7ff742e8a000-7ff742f88000 rw-p 00000000 00:00 0                          [stack:5692]
7ff742f88000-7ff742fae000 r--p 00000000 08:01 1981420                    /usr/share/locale/fr/LC_MESSAGES/libc.mo
7ff742fae000-7ff742fb1000 ---p 00000000 00:00 0 
7ff742fb1000-7ff7430af000 rw-p 00000000 00:00 0                          [stack:7931]
7ff7430af000-7ff7430b2000 ---p 00000000 00:00 0 
7ff7430b2000-7ff7433b0000 rw-p 00000000 00:00 0                          [stack:7930]
7ff7433b0000-7ff7433b3000 ---p 00000000 00:00 0 
7ff7433b3000-7ff7434b1000 rw-p 00000000 00:00 0                          [stack:7928]
7ff7434b1000-7ff7434b4000 ---p 00000000 00:00 0 
7ff7434b4000-7ff7435b2000 rw-p 00000000 00:00 0                          [stack:7929]
7ff7435b2000-7ff7435b9000 r--s 00000000 08:01 2007785                    /usr/lib/x86_64-linux-gnu/gconv/gconv-modules.cache
7ff7435b9000-7ff7437b9000 rw-p 00000000 00:00 0 
7ff7437b9000-7ff7437bc000 ---p 00000000 00:00 0 
7ff7437bc000-7ff7438ba000 rw-p 00000000 00:00 0                          [stack:5687]
7ff7438ba000-7ff7438c3000 r-xp 00000000 08:11 829638                     /home/dev/android-studio/jre/jre/lib/amd64/libmanagement.so
7ff7438c3000-7ff743ac2000 ---p 00009000 08:11 829638                     /home/dev/android-studio/jre/jre/lib/amd64/libmanagement.so
7ff743ac2000-7ff743ac3000 r--p 00008000 08:11 829638                     /home/dev/android-studio/jre/jre/lib/amd64/libmanagement.so
7ff743ac3000-7ff743ac4000 rw-p 00009000 08:11 829638                     /home/dev/android-studio/jre/jre/lib/amd64/libmanagement.so
7ff743ac4000-7ff743ac9000 r--s 00098000 08:11 829612                     /home/dev/android-studio/jre/jre/lib/jsse.jar
7ff743ac9000-7ff743acb000 r--s 00007000 08:11 2511736                    /home/dev/.gradle/wrapper/dists/gradle-3.3-all/55gk2rcmfc6p2dg9u9ohc3hw9/gradle-3.3/lib/plugins/gradle-tooling-api-builders-3.3.jar
7ff743acb000-7ff743ace000 r--s 00009000 08:11 2511729                    /home/dev/.gradle/wrapper/dists/gradle-3.3-all/55gk2rcmfc6p2dg9u9ohc3hw9/gradle-3.3/lib/plugins/gradle-testing-native-3.3.jar
7ff743ace000-7ff743ad4000 r--s 00033000 08:11 2511804                    /home/dev/.gradle/wrapper/dists/gradle-3.3-all/55gk2rcmfc6p2dg9u9ohc3hw9/gradle-3.3/lib/plugins/snakeyaml-1.6.jar
7ff743ad4000-7ff743ad6000 r--s 00006000 08:11 2511803                    /home/dev/.gradle/wrapper/dists/gradle-3.3-all/55gk2rcmfc6p2dg9u9ohc3hw9/gradle-3.3/lib/plugins/jcommander-1.12.jar
7ff743ad6000-7ff743adb000 r--s 00040000 08:11 2511802                    /home/dev/.gradle/wrapper/dists/gradle-3.3-all/55gk2rcmfc6p2dg9u9ohc3hw9/gradle-3.3/lib/plugins/bsh-2.0b4.jar
7ff743adb000-7ff743add000 r--s 00009000 08:11 2511810                    /home/dev/.gradle/wrapper/dists/gradle-3.3-all/55gk2rcmfc6p2dg9u9ohc3hw9/gradle-3.3/lib/plugins/hamcrest-core-1.3.jar
7ff743add000-7ff743ae6000 r--s 00089000 08:11 2511761                    /home/dev/.gradle/wrapper/dists/gradle-3.3-all/55gk2rcmfc6p2dg9u9ohc3hw9/gradle-3.3/lib/plugins/testng-6.3.1.jar
7ff743ae6000-7ff743aee000 r--s 00045000 08:11 2511760                    /home/dev/.gradle/wrapper/dists/gradle-3.3-all/55gk2rcmfc6p2dg9u9ohc3hw9/gradle-3.3/lib/plugins/junit-4.12.jar
7ff743aee000-7ff743af4000 r--s 0002e000 08:11 2511730                    /home/dev/.gradle/wrapper/dists/gradle-3.3-all/55gk2rcmfc6p2dg9u9ohc3hw9/gradle-3.3/lib/plugins/gradle-testing-jvm-3.3.jar
7ff743af4000-7ff743af8000 r--s 00016000 08:11 2511728                    /home/dev/.gradle/wrapper/dists/gradle-3.3-all/55gk2rcmfc6p2dg9u9ohc3hw9/gradle-3.3/lib/plugins/gradle-testing-base-3.3.jar
7ff743af8000-7ff743aff000 r--s 00038000 08:11 2511755                    /home/dev/.gradle/wrapper/dists/gradle-3.3-all/55gk2rcmfc6p2dg9u9ohc3hw9/gradle-3.3/lib/plugins/bcpg-jdk15on-1.51.jar
7ff743aff000-7ff743b01000 r--s 0000c000 08:11 2511707                    /home/dev/.gradle/wrapper/dists/gradle-3.3-all/55gk2rcmfc6p2dg9u9ohc3hw9/gradle-3.3/lib/plugins/gradle-signing-3.3.jar
7ff743b01000-7ff743b03000 r--s 00007000 08:11 2511706                    /home/dev/.gradle/wrapper/dists/gradle-3.3-all/55gk2rcmfc6p2dg9u9ohc3hw9/gradle-3.3/lib/plugins/gradle-scala-3.3.jar
7ff743b03000-7ff743b04000 r--s 00004000 08:11 2511734                    /home/dev/.gradle/wrapper/dists/gradle-3.3-all/55gk2rcmfc6p2dg9u9ohc3hw9/gradle-3.3/lib/plugins/gradle-resources-sftp-3.3.jar
7ff743b04000-7ff743b14000 r--s 00088000 08:11 2511771                    /home/dev/.gradle/wrapper/dists/gradle-3.3-all/55gk2rcmfc6p2dg9u9ohc3hw9/gradle-3.3/lib/plugins/joda-time-2.8.2.jar
7ff743b14000-7ff743b25000 r--s 0010d000 08:11 2511770                    /home/dev/.gradle/wrapper/dists/gradle-3.3-all/55gk2rcmfc6p2dg9u9ohc3hw9/gradle-3.3/lib/plugins/jackson-databind-2.6.6.jar
7ff743b25000-7ff743b28000 r--s 00009000 08:11 2511769                    /home/dev/.gradle/wrapper/dists/gradle-3.3-all/55gk2rcmfc6p2dg9u9ohc3hw9/gradle-3.3/lib/plugins/jackson-annotations-2.6.6.jar
7ff743b28000-7ff743b2c000 r--s 0003c000 08:11 2511768                    /home/dev/.gradle/wrapper/dists/gradle-3.3-all/55gk2rcmfc6p2dg9u9ohc3hw9/gradle-3.3/lib/plugins/jackson-core-2.6.6.jar
7ff743b2c000-7ff743b3a000 r--s 00087000 08:11 2511767                    /home/dev/.gradle/wrapper/dists/gradle-3.3-all/55gk2rcmfc6p2dg9u9ohc3hw9/gradle-3.3/lib/plugins/aws-java-sdk-core-1.11.6.jar
7ff743b3a000-7ff743b41000 r--s 00057000 08:11 2511766                    /home/dev/.gradle/wrapper/dists/gradle-3.3-all/55gk2rcmfc6p2dg9u9ohc3hw9/gradle-3.3/lib/plugins/aws-java-sdk-kms-1.11.6.jar
7ff743b41000-7ff743b4e000 r--s 0008e000 08:11 2511765                    /home/dev/.gradle/wrapper/dists/gradle-3.3-all/55gk2rcmfc6p2dg9u9ohc3hw9/gradle-3.3/lib/plugins/aws-java-sdk-s3-1.11.6.jar
7ff743b4e000-7ff743b50000 r--s 00004000 08:11 2511735                    /home/dev/.gradle/wrapper/dists/gradle-3.3-all/55gk2rcmfc6p2dg9u9ohc3hw9/gradle-3.3/lib/plugins/gradle-resources-s3-3.3.jar
7ff743b50000-7ff743b52000 r--s 00005000 08:11 2511759                    /home/dev/.gradle/wrapper/dists/gradle-3.3-all/55gk2rcmfc6p2dg9u9ohc3hw9/gradle-3.3/lib/plugins/jatl-0.2.2.jar
7ff743b52000-7ff743b54000 r--s 0000f000 08:11 2511712                    /home/dev/.gradle/wrapper/dists/gradle-3.3-all/55gk2rcmfc6p2dg9u9ohc3hw9/gradle-3.3/lib/plugins/gradle-reporting-3.3.jar
7ff743b54000-7ff743b56000 r--s 00002000 08:11 2511713                    /home/dev/.gradle/wrapper/dists/gradle-3.3-all/55gk2rcmfc6p2dg9u9ohc3hw9/gradle-3.3/lib/plugins/gradle-publish-3.3.jar
7ff743b56000-7ff743b58000 r--s 00009000 08:11 2511742                    /home/dev/.gradle/wrapper/dists/gradle-3.3-all/55gk2rcmfc6p2dg9u9ohc3hw9/gradle-3.3/lib/plugins/commons-cli-1.2.jar
7ff743b58000-7ff743b5e000 r--s 00031000 08:11 2511698                    /home/dev/.gradle/wrapper/dists/gradle-3.3-all/55gk2rcmfc6p2dg9u9ohc3hw9/gradle-3.3/lib/plugins/gradle-plugins-3.3.jar
7ff743b5e000-7ff743b60000 r--s 00009000 08:11 2511731                    /home/dev/.gradle/wrapper/dists/gradle-3.3-all/55gk2rcmfc6p2dg9u9ohc3hw9/gradle-3.3/lib/plugins/gradle-plugin-development-3.3.jar
7ff743b60000-7ff743b66000 r--s 0002b000 08:11 2511724                    /home/dev/.gradle/wrapper/dists/gradle-3.3-all/55gk2rcmfc6p2dg9u9ohc3hw9/gradle-3.3/lib/plugins/gradle-platform-play-3.3.jar
7ff743b66000-7ff743b74000 r--s 00055000 08:11 2511723                    /home/dev/.gradle/wrapper/dists/gradle-3.3-all/55gk2rcmfc6p2dg9u9ohc3hw9/gradle-3.3/lib/plugins/gradle-platform-native-3.3.jar
7ff743b74000-7ff743b79000 r--s 0001f000 08:11 2511718                    /home/dev/.gradle/wrapper/dists/gradle-3.3-all/55gk2rcmfc6p2dg9u9ohc3hw9/gradle-3.3/lib/plugins/gradle-platform-jvm-3.3.jar
7ff743b79000-7ff743b81000 r--s 00027000 08:11 2511717                    /home/dev/.gradle/wrapper/dists/gradle-3.3-all/55gk2rcmfc6p2dg9u9ohc3hw9/gradle-3.3/lib/plugins/gradle-platform-base-3.3.jar
7ff743b81000-7ff743ba9000 r--s 0021c000 08:11 2511750                    /home/dev/.gradle/wrapper/dists/gradle-3.3-all/55gk2rcmfc6p2dg9u9ohc3hw9/gradle-3.3/lib/plugins/biz.aQute.bndlib-3.2.0.jar
7ff743ba9000-7ff743bab000 r--s 00003000 08:11 2511702                    /home/dev/.gradle/wrapper/dists/gradle-3.3-all/55gk2rcmfc6p2dg9u9ohc3hw9/gradle-3.3/lib/plugins/gradle-osgi-3.3.jar
7ff743bab000-7ff743bae000 r--s 0000c000 08:11 2511753                    /home/dev/.gradle/wrapper/dists/gradle-3.3-all/55gk2rcmfc6p2dg9u9ohc3hw9/gradle-3.3/lib/plugins/pmaven-groovy-0.8-20100325.jar
7ff743bae000-7ff743baf000 r--s 00004000 08:11 2511752                    /home/dev/.gradle/wrapper/dists/gradle-3.3-all/55gk2rcmfc6p2dg9u9ohc3hw9/gradle-3.3/lib/plugins/pmaven-common-0.8-20100325.jar
7ff743baf000-7ff743bb5000 r--s 00023000 08:11 2511703                    /home/dev/.gradle/wrapper/dists/gradle-3.3-all/55gk2rcmfc6p2dg9u9ohc3hw9/gradle-3.3/lib/plugins/gradle-maven-3.3.jar
7ff743bb5000-7ff743bb8000 r--s 0000b000 08:11 2511722                    /home/dev/.gradle/wrapper/dists/gradle-3.3-all/55gk2rcmfc6p2dg9u9ohc3hw9/gradle-3.3/lib/plugins/gradle-language-scala-3.3.jar
7ff743bb8000-7ff743bbe000 r--s 0001a000 08:11 2511726                    /home/dev/.gradle/wrapper/dists/gradle-3.3-all/55gk2rcmfc6p2dg9u9ohc3hw9/gradle-3.3/lib/plugins/gradle-language-native-3.3.jar
7ff743bbe000-7ff743bc1000 r--s 00005000 08:11 2511719                    /home/dev/.gradle/wrapper/dists/gradle-3.3-all/55gk2rcmfc6p2dg9u9ohc3hw9/gradle-3.3/lib/plugins/gradle-language-jvm-3.3.jar
7ff743bc1000-7ff743bc7000 r--s 00027000 08:11 2511720                    /home/dev/.gradle/wrapper/dists/gradle-3.3-all/55gk2rcmfc6p2dg9u9ohc3hw9/gradle-3.3/lib/plugins/gradle-language-java-3.3.jar
7ff743bc7000-7ff743bc9000 r--s 0000a000 08:11 2511721                    /home/dev/.gradle/wrapper/dists/gradle-3.3-all/55gk2rcmfc6p2dg9u9ohc3hw9/gradle-3.3/lib/plugins/gradle-language-groovy-3.3.jar
7ff743bc9000-7ff743bcc000 r--s 0001e000 08:11 2511777                    /home/dev/.gradle/wrapper/dists/gradle-3.3-all/55gk2rcmfc6p2dg9u9ohc3hw9/gradle-3.3/lib/plugins/jsp-api-2.1-6.1.14.jar
7ff743bcc000-7ff743bef000 r--s 00344000 08:11 2511776                    /home/dev/.gradle/wrapper/dists/gradle-3.3-all/55gk2rcmfc6p2dg9u9ohc3hw9/gradle-3.3/lib/plugins/core-3.1.1.jar
7ff743bef000-7ff743bf0000 r--s 00006000 08:11 2511775                    /home/dev/.gradle/wrapper/dists/gradle-3.3-all/55gk2rcmfc6p2dg9u9ohc3hw9/gradle-3.3/lib/plugins/jetty-naming-6.1.26.jar
7ff743bf0000-7ff743bf1000 r--s 00002000 08:11 2511749                    /home/dev/.gradle/wrapper/dists/gradle-3.3-all/55gk2rcmfc6p2dg9u9ohc3hw9/gradle-3.3/lib/plugins/geronimo-annotation_1.0_spec-1.0.jar
7ff743bf1000-7ff743bf3000 r--s 00002000 08:11 2511748                    /home/dev/.gradle/wrapper/dists/gradle-3.3-all/55gk2rcmfc6p2dg9u9ohc3hw9/gradle-3.3/lib/plugins/jetty-annotations-6.1.26.jar
7ff743bf3000-7ff743c04000 r--s 000ea000 08:11 2511747                    /home/dev/.gradle/wrapper/dists/gradle-3.3-all/55gk2rcmfc6p2dg9u9ohc3hw9/gradle-3.3/lib/plugins/jsp-2.1-6.1.14.jar
7ff743c04000-7ff743c06000 r--s 0000d000 08:11 2511746                    /home/dev/.gradle/wrapper/dists/gradle-3.3-all/55gk2rcmfc6p2dg9u9ohc3hw9/gradle-3.3/lib/plugins/jetty-plus-6.1.26.jar
7ff743c06000-7ff743c08000 r--s 0001f000 08:11 2511745                    /home/dev/.gradle/wrapper/dists/gradle-3.3-all/55gk2rcmfc6p2dg9u9ohc3hw9/gradle-3.3/lib/plugins/servlet-api-2.5-20081211.jar
7ff743c08000-7ff743c0c000 r--s 00028000 08:11 2511744                    /home/dev/.gradle/wrapper/dists/gradle-3.3-all/55gk2rcmfc6p2dg9u9ohc3hw9/gradle-3.3/lib/plugins/jetty-util-6.1.26.jar
7ff743c0c000-7ff743c13000 r--s 0007d000 08:11 2511743                    /home/dev/.gradle/wrapper/dists/gradle-3.3-all/55gk2rcmfc6p2dg9u9ohc3hw9/gradle-3.3/lib/plugins/jetty-6.1.26.jar
7ff743c13000-7ff743c15000 r--s 0000a000 08:11 2511700                    /home/dev/.gradle/wrapper/dists/gradle-3.3-all/55gk2rcmfc6p2dg9u9ohc3hw9/gradle-3.3/lib/plugins/gradle-jetty-3.3.jar
7ff743c15000-7ff743c1c000 r--s 00035000 08:11 2511758                    /home/dev/.gradle/wrapper/dists/gradle-3.3-all/55gk2rcmfc6p2dg9u9ohc3hw9/gradle-3.3/lib/plugins/simple-4.1.21.jar
7ff743c1c000-7ff743c28000 r--s 00100000 08:11 2511756                    /home/dev/.gradle/wrapper/dists/gradle-3.3-all/55gk2rcmfc6p2dg9u9ohc3hw9/gradle-3.3/lib/plugins/rhino-1.7R3.jar
7ff743c28000-7ff743c2c000 r--s 00012000 08:11 2511709                    /home/dev/.gradle/wrapper/dists/gradle-3.3-all/55gk2rcmfc6p2dg9u9ohc3hw9/gradle-3.3/lib/plugins/gradle-javascript-3.3.jar
7ff743c2c000-7ff743c2e000 r--s 0000d000 08:11 2511715                    /home/dev/.gradle/wrapper/dists/gradle-3.3-all/55gk2rcmfc6p2dg9u9ohc3hw9/gradle-3.3/lib/plugins/gradle-jacoco-3.3.jar
7ff743c2e000-7ff743c31000 r--s 0000e000 08:11 2511714                    /home/dev/.gradle/wrapper/dists/gradle-3.3-all/55gk2rcmfc6p2dg9u9ohc3hw9/gradle-3.3/lib/plugins/gradle-ivy-3.3.jar
7ff743c31000-7ff743c32000 r--s 00002000 08:11 2511725                    /home/dev/.gradle/wrapper/dists/gradle-3.3-all/55gk2rcmfc6p2dg9u9ohc3hw9/gradle-3.3/lib/plugins/gradle-ide-play-3.3.jar
7ff743c32000-7ff743c35000 r--s 00013000 08:11 2511727                    /home/dev/.gradle/wrapper/dists/gradle-3.3-all/55gk2rcmfc6p2dg9u9ohc3hw9/gradle-3.3/lib/plugins/gradle-ide-native-3.3.jar
7ff743c35000-7ff743c3e000 r--s 00055000 08:11 2511704                    /home/dev/.gradle/wrapper/dists/gradle-3.3-all/55gk2rcmfc6p2dg9u9ohc3hw9/gradle-3.3/lib/plugins/gradle-ide-3.3.jar
7ff743c3e000-7ff743c40000 r--s 00007000 08:11 2511708                    /home/dev/.gradle/wrapper/dists/gradle-3.3-all/55gk2rcmfc6p2dg9u9ohc3hw9/gradle-3.3/lib/plugins/gradle-ear-3.3.jar
7ff743c40000-7ff743c46000 r--s 00039000 08:11 2511711                    /home/dev/.gradle/wrapper/dists/gradle-3.3-all/55gk2rcmfc6p2dg9u9ohc3hw9/gradle-3.3/lib/plugins/gradle-diagnostics-3.3.jar
7ff743c46000-7ff743c47000 r--s 00009000 08:11 2511737                    /home/dev/.gradle/wrapper/dists/gradle-3.3-all/55gk2rcmfc6p2dg9u9ohc3hw9/gradle-3.3/lib/plugins/gradle-composite-builds-3.3.jar
7ff743c47000-7ff743c4b000 r--s 00023000 08:11 2511699                    /home/dev/.gradle/wrapper/dists/gradle-3.3-all/55gk2rcmfc6p2dg9u9ohc3hw9/gradle-3.3/lib/plugins/gradle-code-quality-3.3.jar
7ff743c4b000-7ff743c4f000 r--s 00022000 08:11 2511716                    /home/dev/.gradle/wrapper/dists/gradle-3.3-all/55gk2rcmfc6p2dg9u9ohc3hw9/gradle-3.3/lib/plugins/gradle-build-init-3.3.jar
7ff743c4f000-7ff743c55000 r--s 0008e000 08:11 2511710                    /home/dev/.gradle/wrapper/dists/gradle-3.3-all/55gk2rcmfc6p2dg9u9ohc3hw9/gradle-3.3/lib/plugins/gradle-build-comparison-3.3.jar
7ff743c55000-7ff743c56000 r--s 00001000 08:11 2511738                    /home/dev/.gradle/wrapper/dists/gradle-3.3-all/55gk2rcmfc6p2dg9u9ohc3hw9/gradle-3.3/lib/plugins/gradle-build-cache-http-3.3.jar
7ff743c56000-7ff743c58000 r--s 00008000 08:11 2511701                    /home/dev/.gradle/wrapper/dists/gradle-3.3-all/55gk2rcmfc6p2dg9u9ohc3hw9/gradle-3.3/lib/plugins/gradle-antlr-3.3.jar
7ff743c58000-7ff743c5a000 r--s 00004000 08:11 2511705                    /home/dev/.gradle/wrapper/dists/gradle-3.3-all/55gk2rcmfc6p2dg9u9ohc3hw9/gradle-3.3/lib/plugins/gradle-announce-3.3.jar
7ff743c5a000-7ff743c72000 r--s 00115000 08:11 2511807                    /home/dev/.gradle/wrapper/dists/gradle-3.3-all/55gk2rcmfc6p2dg9u9ohc3hw9/gradle-3.3/lib/plugins/xercesImpl-2.9.1.jar
7ff743c72000-7ff743c7a000 r--s 00028000 08:11 2511808                    /home/dev/.gradle/wrapper/dists/gradle-3.3-all/55gk2rcmfc6p2dg9u9ohc3hw9/gradle-3.3/lib/plugins/xml-apis-1.3.04.jar
7ff743c7a000-7ff743c80000 r--s 0005b000 08:11 2511806                    /home/dev/.gradle/wrapper/dists/gradle-3.3-all/55gk2rcmfc6p2dg9u9ohc3hw9/gradle-3.3/lib/plugins/jcifs-1.3.17.jar
7ff743c80000-7ff743c86000 r--s 00033000 08:11 2511754                    /home/dev/.gradle/wrapper/dists/gradle-3.3-all/55gk2rcmfc6p2dg9u9ohc3hw9/gradle-3.3/lib/plugins/commons-codec-1.6.jar
7ff743c86000-7ff743c8d000 r--s 00049000 08:11 2511805                    /home/dev/.gradle/wrapper/dists/gradle-3.3-all/55gk2rcmfc6p2dg9u9ohc3hw9/gradle-3.3/lib/plugins/httpcore-4.4.4.jar
7ff743c8d000-7ff743c90000 r--s 0001c000 08:11 2511763                    /home/dev/.gradle/wrapper/dists/gradle-3.3-all/55gk2rcmfc6p2dg9u9ohc3hw9/gradle-3.3/lib/plugins/nekohtml-1.9.14.jar
7ff743c90000-7ff743c9d000 r--s 000a4000 08:11 2511762                    /home/dev/.gradle/wrapper/dists/gradle-3.3-all/55gk2rcmfc6p2dg9u9ohc3hw9/gradle-3.3/lib/plugins/httpclient-4.4.1.jar
7ff743c9d000-7ff743ca0000 r--s 0000a000 08:11 2511733                    /home/dev/.gradle/wrapper/dists/gradle-3.3-all/55gk2rcmfc6p2dg9u9ohc3hw9/gradle-3.3/lib/plugins/gradle-resources-http-3.3.jar
7ff743ca0000-7ff743ca4000 r--s 00015000 08:11 2511732                    /home/dev/.gradle/wrapper/dists/gradle-3.3-all/55gk2rcmfc6p2dg9u9ohc3hw9/gradle-3.3/lib/plugins/gradle-plugin-use-3.3.jar
7ff743ca4000-7ff743ca5000 r--s 00000000 08:11 2374100                    /home/dev/.gradle/wrapper/dists/gradle-3.3-all/55gk2rcmfc6p2dg9u9ohc3hw9/gradle-3.3/lib/gradle-installation-beacon-3.3.jar
7ff743ca5000-7ff743ca7000 r--s 00006000 08:11 2511801                    /home/dev/.gradle/wrapper/dists/gradle-3.3-all/55gk2rcmfc6p2dg9u9ohc3hw9/gradle-3.3/lib/plugins/aether-connector-wagon-1.13.1.jar
7ff743ca7000-7ff743cab000 r--s 0001c000 08:11 2511800                    /home/dev/.gradle/wrapper/dists/gradle-3.3-all/55gk2rcmfc6p2dg9u9ohc3hw9/gradle-3.3/lib/plugins/aether-util-1.13.1.jar
7ff743cab000-7ff743cac000 r--s 00003000 08:11 2511799                    /home/dev/.gradle/wrapper/dists/gradle-3.3-all/55gk2rcmfc6p2dg9u9ohc3hw9/gradle-3.3/lib/plugins/aether-spi-1.13.1.jar
7ff743cac000-7ff743caf000 r--s 0001d000 08:11 2511798                    /home/dev/.gradle/wrapper/dists/gradle-3.3-all/55gk2rcmfc6p2dg9u9ohc3hw9/gradle-3.3/lib/plugins/aether-impl-1.13.1.jar
7ff743caf000-7ff743cb2000 r--s 00013000 08:11 2511797                    /home/dev/.gradle/wrapper/dists/gradle-3.3-all/55gk2rcmfc6p2dg9u9ohc3hw9/gradle-3.3/lib/plugins/aether-api-1.13.1.jar
7ff743cb2000-7ff743cb3000 r--s 00007000 08:11 2511796                    /home/dev/.gradle/wrapper/dists/gradle-3.3-all/55gk2rcmfc6p2dg9u9ohc3hw9/gradle-3.3/lib/plugins/wagon-http-shared4-2.4.jar
7ff743cb3000-7ff743cb5000 r--s 0000b000 08:11 2511795                    /home/dev/.gradle/wrapper/dists/gradle-3.3-all/55gk2rcmfc6p2dg9u9ohc3hw9/gradle-3.3/lib/plugins/wagon-provider-api-2.4.jar
7ff743cb5000-7ff743cf5000 r--s 00277000 08:11 2511774                    /home/dev/.gradle/wrapper/dists/gradle-3.3-all/55gk2rcmfc6p2dg9u9ohc3hw9/gradle-3.3/lib/plugins/bcprov-jdk15on-1.51.jar
7ff743cf5000-7ff743de1000 r-xp 00000000 08:01 1971459                    /usr/lib/x86_64-linux-gnu/libstdc++.so.6.0.20
7ff743de1000-7ff743fe1000 ---p 000ec000 08:01 1971459                    /usr/lib/x86_64-linux-gnu/libstdc++.so.6.0.20
7ff743fe1000-7ff743fe9000 r--p 000ec000 08:01 1971459                    /usr/lib/x86_64-linux-gnu/libstdc++.so.6.0.20
7ff743fe9000-7ff743feb000 rw-p 000f4000 08:01 1971459                    /usr/lib/x86_64-linux-gnu/libstdc++.so.6.0.20
7ff743feb000-7ff744000000 rw-p 00000000 00:00 0 
7ff744000000-7ff744036000 rw-p 00000000 00:00 0 
7ff744036000-7ff748000000 ---p 00000000 00:00 0 
7ff748000000-7ff748001000 r--s 00002000 08:11 2511794                    /home/dev/.gradle/wrapper/dists/gradle-3.3-all/55gk2rcmfc6p2dg9u9ohc3hw9/gradle-3.3/lib/plugins/wagon-http-2.4.jar
7ff748001000-7ff748002000 r--s 00002000 08:11 2511793                    /home/dev/.gradle/wrapper/dists/gradle-3.3-all/55gk2rcmfc6p2dg9u9ohc3hw9/gradle-3.3/lib/plugins/wagon-file-2.4.jar
7ff748002000-7ff748004000 r--s 0000c000 08:11 2511792                    /home/dev/.gradle/wrapper/dists/gradle-3.3-all/55gk2rcmfc6p2dg9u9ohc3hw9/gradle-3.3/lib/plugins/maven-aether-provider-3.0.4.jar
7ff748004000-7ff748006000 r--s 0000b000 08:11 2511791                    /home/dev/.gradle/wrapper/dists/gradle-3.3-all/55gk2rcmfc6p2dg9u9ohc3hw9/gradle-3.3/lib/plugins/maven-plugin-api-3.0.4.jar
7ff748006000-7ff748008000 r--s 00006000 08:11 2511790                    /home/dev/.gradle/wrapper/dists/gradle-3.3-all/55gk2rcmfc6p2dg9u9ohc3hw9/gradle-3.3/lib/plugins/maven-repository-metadata-3.0.4.jar
7ff748008000-7ff74800a000 r--s 0000b000 08:11 2511789                    /home/dev/.gradle/wrapper/dists/gradle-3.3-all/55gk2rcmfc6p2dg9u9ohc3hw9/gradle-3.3/lib/plugins/maven-artifact-3.0.4.jar
7ff74800a000-7ff74800c000 r--s 00026000 08:11 2511788                    /home/dev/.gradle/wrapper/dists/gradle-3.3-all/55gk2rcmfc6p2dg9u9ohc3hw9/gradle-3.3/lib/plugins/maven-model-3.0.4.jar
7ff74800c000-7ff748010000 r--s 00021000 08:11 2511787                    /home/dev/.gradle/wrapper/dists/gradle-3.3-all/55gk2rcmfc6p2dg9u9ohc3hw9/gradle-3.3/lib/plugins/maven-model-builder-3.0.4.jar
7ff748010000-7ff748016000 r--s 0003f000 08:11 2511786                    /home/dev/.gradle/wrapper/dists/gradle-3.3-all/55gk2rcmfc6p2dg9u9ohc3hw9/gradle-3.3/lib/plugins/maven-compat-3.0.4.jar
7ff748016000-7ff748018000 r--s 00002000 08:11 2511784                    /home/dev/.gradle/wrapper/dists/gradle-3.3-all/55gk2rcmfc6p2dg9u9ohc3hw9/gradle-3.3/lib/plugins/plexus-cipher-1.7.jar
7ff748018000-7ff74801a000 r--s 0000a000 08:11 2511783                    /home/dev/.gradle/wrapper/dists/gradle-3.3-all/55gk2rcmfc6p2dg9u9ohc3hw9/gradle-3.3/lib/plugins/plexus-classworlds-2.4.jar
7ff74801a000-7ff748021000 r--s 0002e000 08:11 2511782                    /home/dev/.gradle/wrapper/dists/gradle-3.3-all/55gk2rcmfc6p2dg9u9ohc3hw9/gradle-3.3/lib/plugins/plexus-container-default-1.5.5.jar
7ff748021000-7ff748023000 r--s 00000000 08:11 2511809                    /home/dev/.gradle/wrapper/dists/gradle-3.3-all/55gk2rcmfc6p2dg9u9ohc3hw9/gradle-3.3/lib/plugins/plexus-component-annotations-1.5.5.jar
7ff748023000-7ff748025000 r--s 0000d000 08:11 2511781                    /home/dev/.gradle/wrapper/dists/gradle-3.3-all/55gk2rcmfc6p2dg9u9ohc3hw9/gradle-3.3/lib/plugins/plexus-interpolation-1.14.jar
7ff748025000-7ff748029000 r--s 00033000 08:11 2511780                    /home/dev/.gradle/wrapper/dists/gradle-3.3-all/55gk2rcmfc6p2dg9u9ohc3hw9/gradle-3.3/lib/plugins/plexus-utils-2.0.6.jar
7ff748029000-7ff74802c000 r--s 00008000 08:11 2511779                    /home/dev/.gradle/wrapper/dists/gradle-3.3-all/55gk2rcmfc6p2dg9u9ohc3hw9/gradle-3.3/lib/plugins/maven-settings-builder-3.0.4.jar
7ff74802c000-7ff74802e000 r--s 0000a000 08:11 2511778                    /home/dev/.gradle/wrapper/dists/gradle-3.3-all/55gk2rcmfc6p2dg9u9ohc3hw9/gradle-3.3/lib/plugins/maven-settings-3.0.4.jar
7ff74802e000-7ff74803a000 r--s 0007d000 08:11 2511751                    /home/dev/.gradle/wrapper/dists/gradle-3.3-all/55gk2rcmfc6p2dg9u9ohc3hw9/gradle-3.3/lib/plugins/maven-core-3.0.4.jar
7ff74803a000-7ff748059000 r--s 000f6000 08:11 2511740                    /home/dev/.gradle/wrapper/dists/gradle-3.3-all/55gk2rcmfc6p2dg9u9ohc3hw9/gradle-3.3/lib/plugins/gradle-dependency-management-3.3.jar
7ff748059000-7ff74806f000 r-xp 00000000 08:01 917508                     /lib/x86_64-linux-gnu/libgcc_s.so.1
7ff74806f000-7ff74826e000 ---p 00016000 08:01 917508                     /lib/x86_64-linux-gnu/libgcc_s.so.1
7ff74826e000-7ff74826f000 rw-p 00015000 08:01 917508                     /lib/x86_64-linux-gnu/libgcc_s.so.1
7ff74826f000-7ff748270000 r--s 00006000 08:11 2511785                    /home/dev/.gradle/wrapper/dists/gradle-3.3-all/55gk2rcmfc6p2dg9u9ohc3hw9/gradle-3.3/lib/plugins/plexus-sec-dispatcher-1.3.jar
7ff748270000-7ff748275000 r--s 00040000 08:11 2511764                    /home/dev/.gradle/wrapper/dists/gradle-3.3-all/55gk2rcmfc6p2dg9u9ohc3hw9/gradle-3.3/lib/plugins/jsch-0.1.53.jar
7ff748275000-7ff748279000 r--s 0001d000 08:11 2511773                    /home/dev/.gradle/wrapper/dists/gradle-3.3-all/55gk2rcmfc6p2dg9u9ohc3hw9/gradle-3.3/lib/plugins/xbean-reflect-3.4.jar
7ff748279000-7ff74827e000 r--s 00034000 08:11 2511757                    /home/dev/.gradle/wrapper/dists/gradle-3.3-all/55gk2rcmfc6p2dg9u9ohc3hw9/gradle-3.3/lib/plugins/gson-2.7.jar
7ff74827e000-7ff74828d000 r--s 000d9000 08:11 2511772                    /home/dev/.gradle/wrapper/dists/gradle-3.3-all/55gk2rcmfc6p2dg9u9ohc3hw9/gradle-3.3/lib/plugins/ivy-2.2.0.jar
7ff74828d000-7ff74828f000 r--s 00005000 08:11 2511739                    /home/dev/.gradle/wrapper/dists/gradle-3.3-all/55gk2rcmfc6p2dg9u9ohc3hw9/gradle-3.3/lib/plugins/gradle-workers-3.3.jar
7ff74828f000-7ff748294000 r-xp 00000000 08:11 1992921                    /home/dev/.gradle/native/23/linux-amd64/libnative-platform.so
7ff748294000-7ff748493000 ---p 00005000 08:11 1992921                    /home/dev/.gradle/native/23/linux-amd64/libnative-platform.so
7ff748493000-7ff748494000 rw-p 00004000 08:11 1992921                    /home/dev/.gradle/native/23/linux-amd64/libnative-platform.so
7ff748494000-7ff7484a5000 r-xp 00000000 08:11 829626                     /home/dev/android-studio/jre/jre/lib/amd64/libnio.so
7ff7484a5000-7ff7486a4000 ---p 00011000 08:11 829626                     /home/dev/android-studio/jre/jre/lib/amd64/libnio.so
7ff7486a4000-7ff7486a5000 r--p 00010000 08:11 829626                     /home/dev/android-studio/jre/jre/lib/amd64/libnio.so
7ff7486a5000-7ff7486a6000 rw-p 00011000 08:11 829626                     /home/dev/android-studio/jre/jre/lib/amd64/libnio.so
7ff7486a6000-7ff7486bd000 r-xp 00000000 08:11 829624                     /home/dev/android-studio/jre/jre/lib/amd64/libnet.so
7ff7486bd000-7ff7488bc000 ---p 00017000 08:11 829624                     /home/dev/android-studio/jre/jre/lib/amd64/libnet.so
7ff7488bc000-7ff7488bd000 r--p 00016000 08:11 829624                     /home/dev/android-studio/jre/jre/lib/amd64/libnet.so
7ff7488bd000-7ff7488be000 rw-p 00017000 08:11 829624                     /home/dev/android-studio/jre/jre/lib/amd64/libnet.so
7ff7488be000-7ff7488c8000 r--s 00116000 08:11 829582                     /home/dev/android-studio/jre/jre/lib/ext/localedata.jar
7ff7488c8000-7ff7488e4000 r--s 00393000 08:11 829590                     /home/dev/android-studio/jre/jre/lib/ext/cldrdata.jar
7ff7488e4000-7ff7488e5000 r--s 00006000 08:11 2374099                    /home/dev/.gradle/wrapper/dists/gradle-3.3-all/55gk2rcmfc6p2dg9u9ohc3hw9/gradle-3.3/lib/gradle-wrapper-3.3.jar
7ff7488e5000-7ff7488f2000 r--s 00041000 08:11 2374106                    /home/dev/.gradle/wrapper/dists/gradle-3.3-all/55gk2rcmfc6p2dg9u9ohc3hw9/gradle-3.3/lib/gradle-tooling-api-3.3.jar
7ff7488f2000-7ff7488f4000 r--s 00002000 08:11 2374126                    /home/dev/.gradle/wrapper/dists/gradle-3.3-all/55gk2rcmfc6p2dg9u9ohc3hw9/gradle-3.3/lib/gradle-open-api-3.3.jar
7ff7488f4000-7ff7488fa000 r--s 00032000 08:11 2374128                    /home/dev/.gradle/wrapper/dists/gradle-3.3-all/55gk2rcmfc6p2dg9u9ohc3hw9/gradle-3.3/lib/jaxen-1.1.jar
7ff7488fa000-7ff7488ff000 r--s 00048000 08:11 2374127                    /home/dev/.gradle/wrapper/dists/gradle-3.3-all/55gk2rcmfc6p2dg9u9ohc3hw9/gradle-3.3/lib/dom4j-1.6.1.jar
7ff7488ff000-7ff74890a000 r--s 00059000 08:11 2374105                    /home/dev/.gradle/wrapper/dists/gradle-3.3-all/55gk2rcmfc6p2dg9u9ohc3hw9/gradle-3.3/lib/gradle-ui-3.3.jar
7ff74890a000-7ff748913000 r--s 0008c000 08:11 2374097                    /home/dev/.gradle/wrapper/dists/gradle-3.3-all/55gk2rcmfc6p2dg9u9ohc3hw9/gradle-3.3/lib/kotlin-stdlib-1.1-M02.jar
7ff748913000-7ff748919000 r--s 0002a000 08:11 2374096                    /home/dev/.gradle/wrapper/dists/gradle-3.3-all/55gk2rcmfc6p2dg9u9ohc3hw9/gradle-3.3/lib/kotlin-runtime-1.1-M02.jar
7ff748919000-7ff74894d000 r--s 00256000 08:11 2374095                    /home/dev/.gradle/wrapper/dists/gradle-3.3-all/55gk2rcmfc6p2dg9u9ohc3hw9/gradle-3.3/lib/kotlin-reflect-1.1-M02.jar
7ff74894d000-7ff748ae3000 r--s 0157e000 08:11 2374094                    /home/dev/.gradle/wrapper/dists/gradle-3.3-all/55gk2rcmfc6p2dg9u9ohc3hw9/gradle-3.3/lib/kotlin-compiler-embeddable-1.1-M02.jar
7ff748ae3000-7ff748aeb000 r--s 0004e000 08:11 2374093                    /home/dev/.gradle/wrapper/dists/gradle-3.3-all/55gk2rcmfc6p2dg9u9ohc3hw9/gradle-3.3/lib/gradle-script-kotlin-0.5.1.jar
7ff748aeb000-7ff748aee000 r--s 0000b000 08:11 2374124                    /home/dev/.gradle/wrapper/dists/gradle-3.3-all/55gk2rcmfc6p2dg9u9ohc3hw9/gradle-3.3/lib/gradle-resources-3.3.jar
7ff748aee000-7ff748af0000 r--s 00003000 08:11 2374133                    /home/dev/.gradle/wrapper/dists/gradle-3.3-all/55gk2rcmfc6p2dg9u9ohc3hw9/gradle-3.3/lib/jcl-over-slf4j-1.7.10.jar
7ff748af0000-7ff748af1000 r--s 00005000 08:11 2374132                    /home/dev/.gradle/wrapper/dists/gradle-3.3-all/55gk2rcmfc6p2dg9u9ohc3hw9/gradle-3.3/lib/log4j-over-slf4j-1.7.10.jar
7ff748af1000-7ff748af3000 r--s 00000000 08:11 2374131                    /home/dev/.gradle/wrapper/dists/gradle-3.3-all/55gk2rcmfc6p2dg9u9ohc3hw9/gradle-3.3/lib/jul-to-slf4j-1.7.10.jar
7ff748af3000-7ff748af8000 r--s 0001e000 08:11 2374108                    /home/dev/.gradle/wrapper/dists/gradle-3.3-all/55gk2rcmfc6p2dg9u9ohc3hw9/gradle-3.3/lib/gradle-logging-3.3.jar
7ff748af8000-7ff748afa000 r--s 00007000 08:11 2374152                    /home/dev/.gradle/wrapper/dists/gradle-3.3-all/55gk2rcmfc6p2dg9u9ohc3hw9/gradle-3.3/lib/objenesis-1.2.jar
7ff748afa000-7ff748afc000 r--s 00000000 08:11 2374151                    /home/dev/.gradle/wrapper/dists/gradle-3.3-all/55gk2rcmfc6p2dg9u9ohc3hw9/gradle-3.3/lib/minlog-1.2.jar
7ff748afc000-7ff748afe000 r--s 0000f000 08:11 2374150                    /home/dev/.gradle/wrapper/dists/gradle-3.3-all/55gk2rcmfc6p2dg9u9ohc3hw9/gradle-3.3/lib/reflectasm-1.07-shaded.jar
7ff748afe000-7ff748b02000 r--s 00026000 08:11 2374135                    /home/dev/.gradle/wrapper/dists/gradle-3.3-all/55gk2rcmfc6p2dg9u9ohc3hw9/gradle-3.3/lib/kryo-2.20.jar
7ff748b02000-7ff748b08000 r--s 00027000 08:11 2374123                    /home/dev/.gradle/wrapper/dists/gradle-3.3-all/55gk2rcmfc6p2dg9u9ohc3hw9/gradle-3.3/lib/gradle-messaging-3.3.jar
7ff748b08000-7ff748b09000 r--s 00001000 08:11 2374149                    /home/dev/.gradle/wrapper/dists/gradle-3.3-all/55gk2rcmfc6p2dg9u9ohc3hw9/gradle-3.3/lib/native-platform-linux-i386-ncurses6-0.12.jar
7ff748b09000-7ff748b0a000 r--s 00001000 08:11 2374148                    /home/dev/.gradle/wrapper/dists/gradle-3.3-all/55gk2rcmfc6p2dg9u9ohc3hw9/gradle-3.3/lib/native-platform-linux-i386-ncurses5-0.12.jar
7ff748b0a000-7ff748b0b000 r--s 00001000 08:11 2374147                    /home/dev/.gradle/wrapper/dists/gradle-3.3-all/55gk2rcmfc6p2dg9u9ohc3hw9/gradle-3.3/lib/native-platform-linux-amd64-ncurses6-0.12.jar
7ff748b0b000-7ff748b0c000 r--s 00001000 08:11 2374146                    /home/dev/.gradle/wrapper/dists/gradle-3.3-all/55gk2rcmfc6p2dg9u9ohc3hw9/gradle-3.3/lib/native-platform-linux-amd64-ncurses5-0.12.jar
7ff748b0c000-7ff748b0d000 r--s 0000b000 08:11 2374145                    /home/dev/.gradle/wrapper/dists/gradle-3.3-all/55gk2rcmfc6p2dg9u9ohc3hw9/gradle-3.3/lib/native-platform-windows-i386-0.12.jar
7ff748b0d000-7ff748b0f000 r--s 0000b000 08:11 2374144                    /home/dev/.gradle/wrapper/dists/gradle-3.3-all/55gk2rcmfc6p2dg9u9ohc3hw9/gradle-3.3/lib/native-platform-windows-amd64-0.12.jar
7ff748b0f000-7ff748b11000 r--s 00002000 08:11 2374143                    /home/dev/.gradle/wrapper/dists/gradle-3.3-all/55gk2rcmfc6p2dg9u9ohc3hw9/gradle-3.3/lib/native-platform-osx-i386-0.12.jar
7ff748b11000-7ff748b12000 r--s 00002000 08:11 2374142                    /home/dev/.gradle/wrapper/dists/gradle-3.3-all/55gk2rcmfc6p2dg9u9ohc3hw9/gradle-3.3/lib/native-platform-osx-amd64-0.12.jar
7ff748b12000-7ff748b13000 r--s 00002000 08:11 2374141                    /home/dev/.gradle/wrapper/dists/gradle-3.3-all/55gk2rcmfc6p2dg9u9ohc3hw9/gradle-3.3/lib/native-platform-linux-i386-0.12.jar
7ff748b13000-7ff748b14000 r--s 00002000 08:11 2374140                    /home/dev/.gradle/wrapper/dists/gradle-3.3-all/55gk2rcmfc6p2dg9u9ohc3hw9/gradle-3.3/lib/native-platform-linux-amd64-0.12.jar
7ff748b14000-7ff748b15000 r--s 00003000 08:11 2374139                    /home/dev/.gradle/wrapper/dists/gradle-3.3-all/55gk2rcmfc6p2dg9u9ohc3hw9/gradle-3.3/lib/native-platform-freebsd-i386-libstdcpp-0.12.jar
7ff748b15000-7ff748b16000 r--s 00004000 08:11 2374138                    /home/dev/.gradle/wrapper/dists/gradle-3.3-all/55gk2rcmfc6p2dg9u9ohc3hw9/gradle-3.3/lib/native-platform-freebsd-i386-libcpp-0.12.jar
7ff748b16000-7ff748b18000 r--s 00003000 08:11 2374137                    /home/dev/.gradle/wrapper/dists/gradle-3.3-all/55gk2rcmfc6p2dg9u9ohc3hw9/gradle-3.3/lib/native-platform-freebsd-amd64-libstdcpp-0.12.jar
7ff748b18000-7ff748b19000 r--s 00004000 08:11 2374136                    /home/dev/.gradle/wrapper/dists/gradle-3.3-all/55gk2rcmfc6p2dg9u9ohc3hw9/gradle-3.3/lib/native-platform-freebsd-amd64-libcpp-0.12.jar
7ff748b19000-7ff748b1c000 r--s 00023000 08:11 2374130                    /home/dev/.gradle/wrapper/dists/gradle-3.3-all/55gk2rcmfc6p2dg9u9ohc3hw9/gradle-3.3/lib/jansi-1.14.jar
7ff748b1c000-7ff748b20000 r--s 00011000 08:11 2374129                    /home/dev/.gradle/wrapper/dists/gradle-3.3-all/55gk2rcmfc6p2dg9u9ohc3hw9/gradle-3.3/lib/native-platform-0.12.jar
7ff748b20000-7ff748b23000 r--s 0000a000 08:11 2374107                    /home/dev/.gradle/wrapper/dists/gradle-3.3-all/55gk2rcmfc6p2dg9u9ohc3hw9/gradle-3.3/lib/gradle-native-3.3.jar
7ff748b23000-7ff748b25000 r--s 00005000 08:11 2374104                    /home/dev/.gradle/wrapper/dists/gradle-3.3-all/55gk2rcmfc6p2dg9u9ohc3hw9/gradle-3.3/lib/gradle-cli-3.3.jar
7ff748b25000-7ff748b27000 r--s 00007000 08:11 2374115                    /home/dev/.gradle/wrapper/dists/gradle-3.3-all/55gk2rcmfc6p2dg9u9ohc3hw9/gradle-3.3/lib/gradle-model-groovy-3.3.jar
7ff748b27000-7ff748b29000 r--s 00006000 08:11 2374122                    /home/dev/.gradle/wrapper/dists/gradle-3.3-all/55gk2rcmfc6p2dg9u9ohc3hw9/gradle-3.3/lib/gradle-base-services-groovy-3.3.jar
7ff748b29000-7ff748b38000 r--s 0007f000 08:11 2374114                    /home/dev/.gradle/wrapper/dists/gradle-3.3-all/55gk2rcmfc6p2dg9u9ohc3hw9/gradle-3.3/lib/gradle-model-core-3.3.jar
7ff748b38000-7ff748b45000 r--s 00083000 08:11 2374118                    /home/dev/.gradle/wrapper/dists/gradle-3.3-all/55gk2rcmfc6p2dg9u9ohc3hw9/gradle-3.3/lib/commons-collections-3.2.2.jar
7ff748b45000-7ff748bb5000 r--s 00641000 08:11 2374113                    /home/dev/.gradle/wrapper/dists/gradle-3.3-all/55gk2rcmfc6p2dg9u9ohc3hw9/gradle-3.3/lib/groovy-all-2.4.7.jar
7ff748bb5000-7ff748bdd000 r--s 001cf000 08:11 2374110                    /home/dev/.gradle/wrapper/dists/gradle-3.3-all/55gk2rcmfc6p2dg9u9ohc3hw9/gradle-3.3/lib/guava-jdk5-17.0.jar
7ff748bdd000-7ff748bfc000 r--s 001d1000 08:11 2374117                    /home/dev/.gradle/wrapper/dists/gradle-3.3-all/55gk2rcmfc6p2dg9u9ohc3hw9/gradle-3.3/lib/ant-1.9.6.jar
7ff748bfc000-7ff748bfd000 ---p 00000000 00:00 0 
7ff748bfd000-7ff748cfd000 rw-p 00000000 00:00 0                          [stack:5686]
7ff748cfd000-7ff748d00000 ---p 00000000 00:00 0 
7ff748d00000-7ff748dfe000 rw-p 00000000 00:00 0                          [stack:5685]
7ff748dfe000-7ff748e01000 ---p 00000000 00:00 0 
7ff748e01000-7ff748eff000 rw-p 00000000 00:00 0                          [stack:5684]
7ff748eff000-7ff748f02000 ---p 00000000 00:00 0 
7ff748f02000-7ff749000000 rw-p 00000000 00:00 0                          [stack:5683]
7ff749000000-7ff74bc10000 rwxp 00000000 00:00 0 
7ff74bc10000-7ff758000000 ---p 00000000 00:00 0 
7ff758000000-7ff758c8c000 rw-p 00000000 00:00 0 
7ff758c8c000-7ff75c000000 ---p 00000000 00:00 0 
7ff75c000000-7ff75c03d000 r--s 001f8000 08:11 2374103                    /home/dev/.gradle/wrapper/dists/gradle-3.3-all/55gk2rcmfc6p2dg9u9ohc3hw9/gradle-3.3/lib/gradle-core-3.3.jar
7ff75c03d000-7ff75c040000 ---p 00000000 00:00 0 
7ff75c040000-7ff75c13e000 rw-p 00000000 00:00 0                          [stack:5682]
7ff75c13e000-7ff75c303000 r--p 00000000 08:01 1989669                    /usr/lib/locale/locale-archive
7ff75c303000-7ff75c306000 ---p 00000000 00:00 0 
7ff75c306000-7ff75c404000 rw-p 00000000 00:00 0                          [stack:5681]
7ff75c404000-7ff75c407000 ---p 00000000 00:00 0 
7ff75c407000-7ff75c505000 rw-p 00000000 00:00 0                          [stack:5680]
7ff75c505000-7ff75c506000 ---p 00000000 00:00 0 
7ff75c506000-7ff75cf9f000 rw-p 00000000 00:00 0                          [stack:5679]
7ff75cf9f000-7ff75d16e000 r--s 03c1b000 08:11 829594                     /home/dev/android-studio/jre/jre/lib/rt.jar
7ff75d16e000-7ff75dce4000 rw-p 00000000 00:00 0 
7ff75dce4000-7ff75dce5000 ---p 00000000 00:00 0 
7ff75dce5000-7ff75dde5000 rw-p 00000000 00:00 0                          [stack:5678]
7ff75dde5000-7ff75dde6000 ---p 00000000 00:00 0 
7ff75dde6000-7ff75df1a000 rw-p 00000000 00:00 0                          [stack:5677]
7ff75df1a000-7ff75e0e6000 ---p 00000000 00:00 0 
7ff75e0e6000-7ff75e11a000 rw-p 00000000 00:00 0 
7ff75e11a000-7ff75e2e6000 ---p 00000000 00:00 0 
7ff75e2e6000-7ff75e3ba000 rw-p 00000000 00:00 0 
7ff75e3ba000-7ff75e3e6000 ---p 00000000 00:00 0 
7ff75e3e6000-7ff75e498000 rw-p 00000000 00:00 0 
7ff75e498000-7ff75e7a7000 ---p 00000000 00:00 0 
7ff75e7a7000-7ff75e7c1000 r-xp 00000000 08:11 829621                     /home/dev/android-studio/jre/jre/lib/amd64/libzip.so
7ff75e7c1000-7ff75e9c1000 ---p 0001a000 08:11 829621                     /home/dev/android-studio/jre/jre/lib/amd64/libzip.so
7ff75e9c1000-7ff75e9c2000 r--p 0001a000 08:11 829621                     /home/dev/android-studio/jre/jre/lib/amd64/libzip.so
7ff75e9c2000-7ff75e9c3000 rw-p 0001b000 08:11 829621                     /home/dev/android-studio/jre/jre/lib/amd64/libzip.so
7ff75e9c3000-7ff75e9ce000 r-xp 00000000 08:01 921460                     /lib/x86_64-linux-gnu/libnss_files-2.19.so
7ff75e9ce000-7ff75ebcd000 ---p 0000b000 08:01 921460                     /lib/x86_64-linux-gnu/libnss_files-2.19.so
7ff75ebcd000-7ff75ebce000 r--p 0000a000 08:01 921460                     /lib/x86_64-linux-gnu/libnss_files-2.19.so
7ff75ebce000-7ff75ebcf000 rw-p 0000b000 08:01 921460                     /lib/x86_64-linux-gnu/libnss_files-2.19.so
7ff75ebcf000-7ff75ebd9000 r-xp 00000000 08:01 921462                     /lib/x86_64-linux-gnu/libnss_nis-2.19.so
7ff75ebd9000-7ff75edd8000 ---p 0000a000 08:01 921462                     /lib/x86_64-linux-gnu/libnss_nis-2.19.so
7ff75edd8000-7ff75edd9000 r--p 00009000 08:01 921462                     /lib/x86_64-linux-gnu/libnss_nis-2.19.so
7ff75edd9000-7ff75edda000 rw-p 0000a000 08:01 921462                     /lib/x86_64-linux-gnu/libnss_nis-2.19.so
7ff75edda000-7ff75edef000 r-xp 00000000 08:01 921457                     /lib/x86_64-linux-gnu/libnsl-2.19.so
7ff75edef000-7ff75efee000 ---p 00015000 08:01 921457                     /lib/x86_64-linux-gnu/libnsl-2.19.so
7ff75efee000-7ff75efef000 r--p 00014000 08:01 921457                     /lib/x86_64-linux-gnu/libnsl-2.19.so
7ff75efef000-7ff75eff0000 rw-p 00015000 08:01 921457                     /lib/x86_64-linux-gnu/libnsl-2.19.so
7ff75eff0000-7ff75eff2000 rw-p 00000000 00:00 0 
7ff75eff2000-7ff75eff9000 r-xp 00000000 08:01 921458                     /lib/x86_64-linux-gnu/libnss_compat-2.19.so
7ff75eff9000-7ff75f1f8000 ---p 00007000 08:01 921458                     /lib/x86_64-linux-gnu/libnss_compat-2.19.so
7ff75f1f8000-7ff75f1f9000 r--p 00006000 08:01 921458                     /lib/x86_64-linux-gnu/libnss_compat-2.19.so
7ff75f1f9000-7ff75f1fa000 rw-p 00007000 08:01 921458                     /lib/x86_64-linux-gnu/libnss_compat-2.19.so
7ff75f1fa000-7ff75f227000 r-xp 00000000 08:11 829631                     /home/dev/android-studio/jre/jre/lib/amd64/libjava.so
7ff75f227000-7ff75f426000 ---p 0002d000 08:11 829631                     /home/dev/android-studio/jre/jre/lib/amd64/libjava.so
7ff75f426000-7ff75f427000 r--p 0002c000 08:11 829631                     /home/dev/android-studio/jre/jre/lib/amd64/libjava.so
7ff75f427000-7ff75f429000 rw-p 0002d000 08:11 829631                     /home/dev/android-studio/jre/jre/lib/amd64/libjava.so
7ff75f429000-7ff75f439000 r-xp 00000000 08:11 829647                     /home/dev/android-studio/jre/jre/lib/amd64/libverify.so
7ff75f439000-7ff75f638000 ---p 00010000 08:11 829647                     /home/dev/android-studio/jre/jre/lib/amd64/libverify.so
7ff75f638000-7ff75f63a000 r--p 0000f000 08:11 829647                     /home/dev/android-studio/jre/jre/lib/amd64/libverify.so
7ff75f63a000-7ff75f63b000 rw-p 00011000 08:11 829647                     /home/dev/android-studio/jre/jre/lib/amd64/libverify.so
7ff75f63b000-7ff75f642000 r-xp 00000000 08:01 921466                     /lib/x86_64-linux-gnu/librt-2.19.so
7ff75f642000-7ff75f841000 ---p 00007000 08:01 921466                     /lib/x86_64-linux-gnu/librt-2.19.so
7ff75f841000-7ff75f842000 r--p 00006000 08:01 921466                     /lib/x86_64-linux-gnu/librt-2.19.so
7ff75f842000-7ff75f843000 rw-p 00007000 08:01 921466                     /lib/x86_64-linux-gnu/librt-2.19.so
7ff75f843000-7ff75f943000 r-xp 00000000 08:01 921455                     /lib/x86_64-linux-gnu/libm-2.19.so
7ff75f943000-7ff75fb42000 ---p 00100000 08:01 921455                     /lib/x86_64-linux-gnu/libm-2.19.so
7ff75fb42000-7ff75fb43000 r--p 000ff000 08:01 921455                     /lib/x86_64-linux-gnu/libm-2.19.so
7ff75fb43000-7ff75fb44000 rw-p 00100000 08:01 921455                     /lib/x86_64-linux-gnu/libm-2.19.so
7ff75fb44000-7ff760735000 r-xp 00000000 08:11 829651                     /home/dev/android-studio/jre/jre/lib/amd64/server/libjvm.so
7ff760735000-7ff760935000 ---p 00bf1000 08:11 829651                     /home/dev/android-studio/jre/jre/lib/amd64/server/libjvm.so
7ff760935000-7ff7609d4000 r--p 00bf1000 08:11 829651                     /home/dev/android-studio/jre/jre/lib/amd64/server/libjvm.so
7ff7609d4000-7ff7609fd000 rw-p 00c90000 08:11 829651                     /home/dev/android-studio/jre/jre/lib/amd64/server/libjvm.so
7ff7609fd000-7ff760a41000 rw-p 00000000 00:00 0 
7ff760a41000-7ff760a59000 r-xp 00000000 08:01 919175                     /lib/x86_64-linux-gnu/libpthread-2.19.so
7ff760a59000-7ff760c58000 ---p 00018000 08:01 919175                     /lib/x86_64-linux-gnu/libpthread-2.19.so
7ff760c58000-7ff760c59000 r--p 00017000 08:01 919175                     /lib/x86_64-linux-gnu/libpthread-2.19.so
7ff760c59000-7ff760c5a000 rw-p 00018000 08:01 919175                     /lib/x86_64-linux-gnu/libpthread-2.19.so
7ff760c5a000-7ff760c5e000 rw-p 00000000 00:00 0 
7ff760c5e000-7ff760c61000 r-xp 00000000 08:01 921454                     /lib/x86_64-linux-gnu/libdl-2.19.so
7ff760c61000-7ff760e60000 ---p 00003000 08:01 921454                     /lib/x86_64-linux-gnu/libdl-2.19.so
7ff760e60000-7ff760e61000 r--p 00002000 08:01 921454                     /lib/x86_64-linux-gnu/libdl-2.19.so
7ff760e61000-7ff760e62000 rw-p 00003000 08:01 921454                     /lib/x86_64-linux-gnu/libdl-2.19.so
7ff760e62000-7ff761003000 r-xp 00000000 08:01 921451                     /lib/x86_64-linux-gnu/libc-2.19.so
7ff761003000-7ff761203000 ---p 001a1000 08:01 921451                     /lib/x86_64-linux-gnu/libc-2.19.so
7ff761203000-7ff761207000 r--p 001a1000 08:01 921451                     /lib/x86_64-linux-gnu/libc-2.19.so
7ff761207000-7ff761209000 rw-p 001a5000 08:01 921451                     /lib/x86_64-linux-gnu/libc-2.19.so
7ff761209000-7ff76120d000 rw-p 00000000 00:00 0 
7ff76120d000-7ff761223000 r-xp 00000000 08:11 829511                     /home/dev/android-studio/jre/lib/amd64/jli/libjli.so
7ff761223000-7ff761422000 ---p 00016000 08:11 829511                     /home/dev/android-studio/jre/lib/amd64/jli/libjli.so
7ff761422000-7ff761423000 r--p 00015000 08:11 829511                     /home/dev/android-studio/jre/lib/amd64/jli/libjli.so
7ff761423000-7ff761424000 rw-p 00016000 08:11 829511                     /home/dev/android-studio/jre/lib/amd64/jli/libjli.so
7ff761424000-7ff761444000 r-xp 00000000 08:01 921448                     /lib/x86_64-linux-gnu/ld-2.19.so
7ff761444000-7ff761445000 r--s 00002000 08:11 2374125                    /home/dev/.gradle/wrapper/dists/gradle-3.3-all/55gk2rcmfc6p2dg9u9ohc3hw9/gradle-3.3/lib/gradle-docs-3.3.jar
7ff761445000-7ff761446000 r--s 00000000 08:11 2374121                    /home/dev/.gradle/wrapper/dists/gradle-3.3-all/55gk2rcmfc6p2dg9u9ohc3hw9/gradle-3.3/lib/javax.inject-1.jar
7ff761446000-7ff761447000 r--s 00000000 08:11 2374120                    /home/dev/.gradle/wrapper/dists/gradle-3.3-all/55gk2rcmfc6p2dg9u9ohc3hw9/gradle-3.3/lib/jcip-annotations-1.0.jar
7ff761447000-7ff76144b000 r--s 00027000 08:11 2374119                    /home/dev/.gradle/wrapper/dists/gradle-3.3-all/55gk2rcmfc6p2dg9u9ohc3hw9/gradle-3.3/lib/commons-io-2.2.jar
7ff76144b000-7ff761450000 r--s 00038000 08:11 2374116                    /home/dev/.gradle/wrapper/dists/gradle-3.3-all/55gk2rcmfc6p2dg9u9ohc3hw9/gradle-3.3/lib/asm-all-5.1.jar
7ff761450000-7ff761451000 r--s 00001000 08:11 2374112                    /home/dev/.gradle/wrapper/dists/gradle-3.3-all/55gk2rcmfc6p2dg9u9ohc3hw9/gradle-3.3/lib/gradle-process-services-3.3.jar
7ff761451000-7ff761453000 r--s 00000000 08:11 2374102                    /home/dev/.gradle/wrapper/dists/gradle-3.3-all/55gk2rcmfc6p2dg9u9ohc3hw9/gradle-3.3/lib/gradle-jvm-services-3.3.jar
7ff761453000-7ff761454000 r--s 00000000 08:11 2374153                    /home/dev/.gradle/wrapper/dists/gradle-3.3-all/55gk2rcmfc6p2dg9u9ohc3hw9/gradle-3.3/lib/gradle-version-info-3.3.jar
7ff761454000-7ff761459000 r--s 00041000 08:11 2374111                    /home/dev/.gradle/wrapper/dists/gradle-3.3-all/55gk2rcmfc6p2dg9u9ohc3hw9/gradle-3.3/lib/commons-lang-2.6.jar
7ff761459000-7ff76145a000 r--s 00007000 08:11 2374109                    /home/dev/.gradle/wrapper/dists/gradle-3.3-all/55gk2rcmfc6p2dg9u9ohc3hw9/gradle-3.3/lib/slf4j-api-1.7.10.jar
7ff76145a000-7ff76145b000 r--s 00004000 08:11 2374134                    /home/dev/.gradle/wrapper/dists/gradle-3.3-all/55gk2rcmfc6p2dg9u9ohc3hw9/gradle-3.3/lib/ant-launcher-1.9.6.jar
7ff76145b000-7ff76151d000 rw-p 00000000 00:00 0 
7ff76151d000-7ff761520000 ---p 00000000 00:00 0 
7ff761520000-7ff761622000 rw-p 00000000 00:00 0                          [stack:5674]
7ff761622000-7ff76162b000 r--s 00042000 08:11 2374101                    /home/dev/.gradle/wrapper/dists/gradle-3.3-all/55gk2rcmfc6p2dg9u9ohc3hw9/gradle-3.3/lib/gradle-base-services-3.3.jar
7ff76162b000-7ff761638000 r--s 0005c000 08:11 2374098                    /home/dev/.gradle/wrapper/dists/gradle-3.3-all/55gk2rcmfc6p2dg9u9ohc3hw9/gradle-3.3/lib/gradle-launcher-3.3.jar
7ff761638000-7ff761640000 rw-s 00000000 08:01 1848841                    /tmp/hsperfdata_dev/5672
7ff761640000-7ff761641000 rw-p 00000000 00:00 0 
7ff761641000-7ff761642000 ---p 00000000 00:00 0 
7ff761642000-7ff761644000 rw-p 00000000 00:00 0 
7ff761644000-7ff761645000 r--p 00020000 08:01 921448                     /lib/x86_64-linux-gnu/ld-2.19.so
7ff761645000-7ff761646000 rw-p 00021000 08:01 921448                     /lib/x86_64-linux-gnu/ld-2.19.so
7ff761646000-7ff761647000 rw-p 00000000 00:00 0 
7ffcb8842000-7ffcb8863000 rw-p 00000000 00:00 0                          [stack]
7ffcb88b0000-7ffcb88b2000 r-xp 00000000 00:00 0                          [vdso]
7ffcb88b2000-7ffcb88b4000 r--p 00000000 00:00 0                          [vvar]
ffffffffff600000-ffffffffff601000 r-xp 00000000 00:00 0                  [vsyscall]

VM Arguments:
jvm_args: -Xmx1536m -Dfile.encoding=UTF-8 -Duser.country=FR -Duser.language=fr -Duser.variant 
java_command: org.gradle.launcher.daemon.bootstrap.GradleDaemon 3.3
java_class_path (initial): /home/dev/.gradle/wrapper/dists/gradle-3.3-all/55gk2rcmfc6p2dg9u9ohc3hw9/gradle-3.3/lib/gradle-launcher-3.3.jar
Launcher Type: SUN_STANDARD

Environment Variables:
PATH=/usr/local/bin:/usr/bin:/bin:/usr/local/games:/usr/games:/home/dev/x-tools/arm-unknown-linux-uclibcgnueabi/bin/:/home/dev/toolchain/bin/:/sbin:/home/dev/x-tools/arm-unknown-linux-gnueabi/bin/
LD_LIBRARY_PATH=.:
SHELL=/bin/bash
DISPLAY=:0

Signal Handlers:
SIGSEGV: [libjvm.so+0x9e5150], sa_mask[0]=11111111011111111101111111111110, sa_flags=SA_RESTART|SA_SIGINFO
SIGBUS: [libjvm.so+0x9e5150], sa_mask[0]=11111111011111111101111111111110, sa_flags=SA_RESTART|SA_SIGINFO
SIGFPE: [libjvm.so+0x848450], sa_mask[0]=11111111011111111101111111111110, sa_flags=SA_RESTART|SA_SIGINFO
SIGPIPE: [libjvm.so+0x848450], sa_mask[0]=11111111011111111101111111111110, sa_flags=SA_RESTART|SA_SIGINFO
SIGXFSZ: [libjvm.so+0x848450], sa_mask[0]=11111111011111111101111111111110, sa_flags=SA_RESTART|SA_SIGINFO
SIGILL: [libjvm.so+0x848450], sa_mask[0]=11111111011111111101111111111110, sa_flags=SA_RESTART|SA_SIGINFO
SIGUSR1: SIG_DFL, sa_mask[0]=00000000000000000000000000000000, sa_flags=none
SIGUSR2: [libjvm.so+0x848320], sa_mask[0]=00100000000000000000000000000000, sa_flags=SA_RESTART|SA_SIGINFO
SIGHUP: [libjvm.so+0x848510], sa_mask[0]=11111111011111111101111111111110, sa_flags=SA_RESTART|SA_SIGINFO
SIGINT: [libjvm.so+0x848510], sa_mask[0]=11111111011111111101111111111110, sa_flags=SA_RESTART|SA_SIGINFO
SIGTERM: [libjvm.so+0x848510], sa_mask[0]=11111111011111111101111111111110, sa_flags=SA_RESTART|SA_SIGINFO
SIGQUIT: [libjvm.so+0x848510], sa_mask[0]=11111111011111111101111111111110, sa_flags=SA_RESTART|SA_SIGINFO


---------------  S Y S T E M  ---------------

OS:PRETTY_NAME="Debian GNU/Linux 8 (jessie)"
NAME="Debian GNU/Linux"
VERSION_ID="8"
VERSION="8 (jessie)"
ID=debian
HOME_URL="http://www.debian.org/"
SUPPORT_URL="http://www.debian.org/support"
BUG_REPORT_URL="https://bugs.debian.org/"

uname:Linux 3.16.0-4-amd64 #1 SMP Debian 3.16.39-1+deb8u2 (2017-03-07) x86_64
libc:glibc 2.19 NPTL 2.19 
rlimit: STACK 8192k, CORE 0k, NPROC 15785, NOFILE 4096, AS infinity
load average:2,38 2,22 2,04

/proc/meminfo:
MemTotal:        4058872 kB
MemFree:          106952 kB
MemAvailable:      45944 kB
Buffers:             684 kB
Cached:            59984 kB
SwapCached:            0 kB
Active:          3788276 kB
Inactive:          52204 kB
Active(anon):    3782696 kB
Inactive(anon):    36116 kB
Active(file):       5580 kB
Inactive(file):    16088 kB
Unevictable:        2604 kB
Mlocked:            2604 kB
SwapTotal:             0 kB
SwapFree:              0 kB
Dirty:               292 kB
Writeback:            12 kB
AnonPages:       3782624 kB
Mapped:            50740 kB
Shmem:             36660 kB
Slab:              46188 kB
SReclaimable:      25256 kB
SUnreclaim:        20932 kB
KernelStack:        7088 kB
PageTables:        27084 kB
NFS_Unstable:          0 kB
Bounce:                0 kB
WritebackTmp:          0 kB
CommitLimit:     2029436 kB
Committed_AS:    4570456 kB
VmallocTotal:   34359738367 kB
VmallocUsed:       52800 kB
VmallocChunk:   34359637687 kB
HardwareCorrupted:     0 kB
AnonHugePages:         0 kB
HugePages_Total:       0
HugePages_Free:        0
HugePages_Rsvd:        0
HugePages_Surp:        0
Hugepagesize:       2048 kB
DirectMap4k:       65472 kB
DirectMap2M:     4128768 kB


CPU:total 2 (2 cores per cpu, 1 threads per core) family 6 model 78 stepping 3, cmov, cx8, fxsr, mmx, sse, sse2, sse3, ssse3, sse4.1, sse4.2, popcnt, avx, aes, clmul, 3dnowpref, lzcnt, tsc, tscinvbit

/proc/cpuinfo:
processor	: 0
vendor_id	: GenuineIntel
cpu family	: 6
model		: 78
model name	: Intel(R) Core(TM) i5-6300U CPU @ 2.40GHz
stepping	: 3
cpu MHz		: 2496.038
cache size	: 3072 KB
physical id	: 0
siblings	: 2
core id		: 0
cpu cores	: 2
apicid		: 0
initial apicid	: 0
fpu		: yes
fpu_exception	: yes
cpuid level	: 22
wp		: yes
flags		: fpu vme de pse tsc msr pae mce cx8 apic sep mtrr pge mca cmov pat pse36 clflush mmx fxsr sse sse2 ht syscall nx rdtscp lm constant_tsc rep_good nopl xtopology nonstop_tsc pni pclmulqdq ssse3 cx16 sse4_1 sse4_2 movbe popcnt aes xsave avx rdrand hypervisor lahf_lm abm 3dnowprefetch rdseed clflushopt
bogomips	: 4992.07
clflush size	: 64
cache_alignment	: 64
address sizes	: 39 bits physical, 48 bits virtual
power management:

processor	: 1
vendor_id	: GenuineIntel
cpu family	: 6
model		: 78
model name	: Intel(R) Core(TM) i5-6300U CPU @ 2.40GHz
stepping	: 3
cpu MHz		: 2496.038
cache size	: 3072 KB
physical id	: 0
siblings	: 2
core id		: 1
cpu cores	: 2
apicid		: 1
initial apicid	: 1
fpu		: yes
fpu_exception	: yes
cpuid level	: 22
wp		: yes
flags		: fpu vme de pse tsc msr pae mce cx8 apic sep mtrr pge mca cmov pat pse36 clflush mmx fxsr sse sse2 ht syscall nx rdtscp lm constant_tsc rep_good nopl xtopology nonstop_tsc pni pclmulqdq ssse3 cx16 sse4_1 sse4_2 movbe popcnt aes xsave avx rdrand hypervisor lahf_lm abm 3dnowprefetch rdseed clflushopt
bogomips	: 4992.07
clflush size	: 64
cache_alignment	: 64
address sizes	: 39 bits physical, 48 bits virtual
power management:



Memory: 4k page, physical 4058872k(107052k free), swap 0k(0k free)

vm_info: OpenJDK 64-Bit Server VM (25.112-b06) for linux-amd64 JRE (1.8.0_112-release-b06), built on Dec  6 2016 12:11:18 by "builder" with gcc 4.8.4

time: Mon Jun 19 15:59:30 2017
elapsed time: 5890 seconds (0d 1h 38m 10s)

